[    0.000000] Initializing cgroup subsys cpuset
[    0.000000] Initializing cgroup subsys cpu
[    0.000000] Initializing cgroup subsys cpuacct
[    0.000000] Linux version 4.4.0-122-generic (buildd@lcy01-amd64-005) (gcc version 5.4.0 20160609 (Ubuntu 5.4.0-6ubuntu1~16.04.9) ) #146-Ubuntu SMP Mon Apr 23 15:34:04 UTC 2018 (Ubuntu 4.4.0-122.146-generic 4.4.117)
[    0.000000] Command line: BOOT_IMAGE=/boot/vmlinuz-4.4.0-122-generic root=LABEL=cloudimg-rootfs ro console=tty1 console=ttyS0
[    0.000000] KERNEL supported cpus:
[    0.000000]   Intel GenuineIntel
[    0.000000]   AMD AuthenticAMD
[    0.000000]   Centaur CentaurHauls
[    0.000000] ------------[ cut here ]------------
[    0.000000] WARNING: CPU: 0 PID: 0 at /build/linux-fK4DoK/linux-4.4.0/arch/x86/kernel/fpu/xstate.c:517 fpu__init_system_xstate+0x38b/0x75a()
[    0.000000] XSAVE consistency problem, dumping leaves
[    0.000000] Modules linked in:
[    0.000000] CPU: 0 PID: 0 Comm: swapper Not tainted 4.4.0-122-generic #146-Ubuntu
[    0.000000]  0000000000000086 2a8ed8353b9626b3 ffffffff81e03d80 ffffffff813ffc13
[    0.000000]  ffffffff81e03dc8 ffffffff81cac050 ffffffff81e03db8 ffffffff81083232
[    0.000000]  ffffffff81e03e48 ffffffff81e03e4c 0000000000000008 0000000000000100
[    0.000000] Call Trace:
[    0.000000]  [<ffffffff813ffc13>] dump_stack+0x63/0x90
[    0.000000]  [<ffffffff81083232>] warn_slowpath_common+0x82/0xc0
[    0.000000]  [<ffffffff810832cc>] warn_slowpath_fmt+0x5c/0x80
[    0.000000]  [<ffffffff8107eda8>] ? xfeature_size+0x59/0x77
[    0.000000]  [<ffffffff81f732e9>] fpu__init_system_xstate+0x38b/0x75a
[    0.000000]  [<ffffffff81f63120>] ? early_idt_handler_array+0x120/0x120
[    0.000000]  [<ffffffff81f72c54>] fpu__init_system+0x10b/0x243
[    0.000000]  [<ffffffff81f73e1f>] early_cpu_init+0x178/0x17d
[    0.000000]  [<ffffffff81f73e1f>] ? early_cpu_init+0x178/0x17d
[    0.000000]  [<ffffffff81f6f1ae>] setup_arch+0xb4/0xd2b
[    0.000000]  [<ffffffff81f63120>] ? early_idt_handler_array+0x120/0x120
[    0.000000]  [<ffffffff81f63c7b>] start_kernel+0xe2/0x4aa
[    0.000000]  [<ffffffff81f63120>] ? early_idt_handler_array+0x120/0x120
[    0.000000]  [<ffffffff81f63339>] x86_64_start_reservations+0x2a/0x2c
[    0.000000]  [<ffffffff81f63485>] x86_64_start_kernel+0x14a/0x16d
[    0.000000] ---[ end trace 4d5ff9f2f68c4233 ]---
[    0.000000] CPUID[0d, 00]: eax=00000007 ebx=00000440 ecx=00000440 edx=00000000
[    0.000000] CPUID[0d, 01]: eax=00000000 ebx=00000440 ecx=00000000 edx=00000000
[    0.000000] CPUID[0d, 02]: eax=00000100 ebx=00000240 ecx=00000000 edx=00000000
[    0.000000] CPUID[0d, 03]: eax=00000000 ebx=00000000 ecx=00000000 edx=00000000
[    0.000000] CPUID[0d, 04]: eax=00000000 ebx=00000000 ecx=00000000 edx=00000000
[    0.000000] CPUID[0d, 05]: eax=00000000 ebx=00000000 ecx=00000000 edx=00000000
[    0.000000] CPUID[0d, 06]: eax=00000000 ebx=00000000 ecx=00000000 edx=00000000
[    0.000000] CPUID[0d, 07]: eax=00000000 ebx=00000000 ecx=00000000 edx=00000000
[    0.000000] CPUID[0d, 08]: eax=00000000 ebx=00000000 ecx=00000000 edx=00000000
[    0.000000] CPUID[0d, 09]: eax=00000000 ebx=00000000 ecx=00000000 edx=00000000
[    0.000000] CPUID[0d, 0a]: eax=00000000 ebx=00000000 ecx=00000000 edx=00000000
[    0.000000] CPUID[0d, 0b]: eax=00000000 ebx=00000000 ecx=00000000 edx=00000000
[    0.000000] CPUID[0d, 0c]: eax=00000000 ebx=00000000 ecx=00000000 edx=00000000
[    0.000000] CPUID[0d, 0d]: eax=00000000 ebx=00000000 ecx=00000000 edx=00000000
[    0.000000] CPUID[0d, 0e]: eax=00000000 ebx=00000000 ecx=00000000 edx=00000000
[    0.000000] CPUID[0d, 0f]: eax=00000000 ebx=00000000 ecx=00000000 edx=00000000
[    0.000000] CPUID[0d, 10]: eax=00000000 ebx=00000000 ecx=00000000 edx=00000000
[    0.000000] CPUID[0d, 11]: eax=00000000 ebx=00000000 ecx=00000000 edx=00000000
[    0.000000] x86/fpu: xstate_offset[2]:  576, xstate_sizes[2]:  256
[    0.000000] x86/fpu: Supporting XSAVE feature 0x01: 'x87 floating point registers'
[    0.000000] x86/fpu: Supporting XSAVE feature 0x02: 'SSE registers'
[    0.000000] x86/fpu: Supporting XSAVE feature 0x04: 'AVX registers'
[    0.000000] x86/fpu: Enabled xstate features 0x7, context size is 1088 bytes, using 'standard' format.
[    0.000000] x86/fpu: Using 'lazy' FPU context switches.
[    0.000000] e820: BIOS-provided physical RAM map:
[    0.000000] BIOS-e820: [mem 0x0000000000000000-0x000000000009fbff] usable
[    0.000000] BIOS-e820: [mem 0x000000000009fc00-0x000000000009ffff] reserved
[    0.000000] BIOS-e820: [mem 0x00000000000f0000-0x00000000000fffff] reserved
[    0.000000] BIOS-e820: [mem 0x0000000000100000-0x000000003ffeffff] usable
[    0.000000] BIOS-e820: [mem 0x000000003fff0000-0x000000003fffffff] ACPI data
[    0.000000] BIOS-e820: [mem 0x00000000fec00000-0x00000000fec00fff] reserved
[    0.000000] BIOS-e820: [mem 0x00000000fee00000-0x00000000fee00fff] reserved
[    0.000000] BIOS-e820: [mem 0x00000000fffc0000-0x00000000ffffffff] reserved
[    0.000000] NX (Execute Disable) protection: active
[    0.000000] SMBIOS 2.5 present.
[    0.000000] Hypervisor detected: KVM
[    0.000000] e820: last_pfn = 0x3fff0 max_arch_pfn = 0x400000000
[    0.000000] MTRR: Disabled
[    0.000000] x86/PAT: MTRRs disabled, skipping PAT initialization too.
[    0.000000] CPU MTRRs all blank - virtualized system.
[    0.000000] x86/PAT: Configuration [0-7]: WB  WT  UC- UC  WB  WT  UC- UC  
[    0.000000] found SMP MP-table at [mem 0x0009fff0-0x0009ffff] mapped at [ffff88000009fff0]
[    0.000000] Scanning 1 areas for low memory corruption
[    0.000000] RAMDISK: [mem 0x36a98000-0x37543fff]
[    0.000000] ACPI: Early table checksum verification disabled
[    0.000000] ACPI: RSDP 0x00000000000E0000 000024 (v02 VBOX  )
[    0.000000] ACPI: XSDT 0x000000003FFF0030 00003C (v01 VBOX   VBOXXSDT 00000001 ASL  00000061)
[    0.000000] ACPI: FACP 0x000000003FFF00F0 0000F4 (v04 VBOX   VBOXFACP 00000001 ASL  00000061)
[    0.000000] ACPI: DSDT 0x000000003FFF0470 0021FF (v02 VBOX   VBOXBIOS 00000002 INTL 20100528)
[    0.000000] ACPI: FACS 0x000000003FFF0200 000040
[    0.000000] ACPI: FACS 0x000000003FFF0200 000040
[    0.000000] ACPI: APIC 0x000000003FFF0240 00005C (v02 VBOX   VBOXAPIC 00000001 ASL  00000061)
[    0.000000] ACPI: SSDT 0x000000003FFF02A0 0001CC (v01 VBOX   VBOXCPUT 00000002 INTL 20100528)
[    0.000000] No NUMA configuration found
[    0.000000] Faking a node at [mem 0x0000000000000000-0x000000003ffeffff]
[    0.000000] NODE_DATA(0) allocated [mem 0x3ffeb000-0x3ffeffff]
[    0.000000] kvm-clock: Using msrs 4b564d01 and 4b564d00
[    0.000000] kvm-clock: cpu 0, msr 0:3ffe3001, primary cpu clock
[    0.000000] kvm-clock: using sched offset of 3931199995 cycles
[    0.000000] clocksource: kvm-clock: mask: 0xffffffffffffffff max_cycles: 0x1cd42e4dffb, max_idle_ns: 881590591483 ns
[    0.000000] Zone ranges:
[    0.000000]   DMA      [mem 0x0000000000001000-0x0000000000ffffff]
[    0.000000]   DMA32    [mem 0x0000000001000000-0x000000003ffeffff]
[    0.000000]   Normal   empty
[    0.000000]   Device   empty
[    0.000000] Movable zone start for each node
[    0.000000] Early memory node ranges
[    0.000000]   node   0: [mem 0x0000000000001000-0x000000000009efff]
[    0.000000]   node   0: [mem 0x0000000000100000-0x000000003ffeffff]
[    0.000000] Initmem setup node 0 [mem 0x0000000000001000-0x000000003ffeffff]
[    0.000000] ACPI: PM-Timer IO Port: 0x4008
[    0.000000] IOAPIC[0]: apic_id 2, version 32, address 0xfec00000, GSI 0-23
[    0.000000] ACPI: INT_SRC_OVR (bus 0 bus_irq 0 global_irq 2 dfl dfl)
[    0.000000] ACPI: INT_SRC_OVR (bus 0 bus_irq 9 global_irq 9 high level)
[    0.000000] Using ACPI (MADT) for SMP configuration information
[    0.000000] smpboot: Allowing 2 CPUs, 0 hotplug CPUs
[    0.000000] PM: Registered nosave memory: [mem 0x00000000-0x00000fff]
[    0.000000] PM: Registered nosave memory: [mem 0x0009f000-0x0009ffff]
[    0.000000] PM: Registered nosave memory: [mem 0x000a0000-0x000effff]
[    0.000000] PM: Registered nosave memory: [mem 0x000f0000-0x000fffff]
[    0.000000] e820: [mem 0x40000000-0xfebfffff] available for PCI devices
[    0.000000] Booting paravirtualized kernel on KVM
[    0.000000] clocksource: refined-jiffies: mask: 0xffffffff max_cycles: 0xffffffff, max_idle_ns: 7645519600211568 ns
[    0.000000] setup_percpu: NR_CPUS:512 nr_cpumask_bits:512 nr_cpu_ids:2 nr_node_ids:1
[    0.000000] PERCPU: Embedded 34 pages/cpu @ffff88003fc00000 s99544 r8192 d31528 u1048576
[    0.000000] PV qspinlock hash table entries: 256 (order: 0, 4096 bytes)
[    0.000000] Built 1 zonelists in Node order, mobility grouping on.  Total pages: 257912
[    0.000000] Policy zone: DMA32
[    0.000000] Kernel command line: BOOT_IMAGE=/boot/vmlinuz-4.4.0-122-generic root=LABEL=cloudimg-rootfs ro console=tty1 console=ttyS0
[    0.000000] PID hash table entries: 4096 (order: 3, 32768 bytes)
[    0.000000] Memory: 1001596K/1048120K available (8532K kernel code, 1313K rwdata, 3996K rodata, 1508K init, 1316K bss, 46524K reserved, 0K cma-reserved)
[    0.000000] SLUB: HWalign=64, Order=0-3, MinObjects=0, CPUs=2, Nodes=1
[    0.000000] Kernel/User page tables isolation: enabled
[    0.000000] Hierarchical RCU implementation.
[    0.000000] 	Build-time adjustment of leaf fanout to 64.
[    0.000000] 	RCU restricting CPUs from NR_CPUS=512 to nr_cpu_ids=2.
[    0.000000] RCU: Adjusting geometry for rcu_fanout_leaf=64, nr_cpu_ids=2
[    0.000000] NR_IRQS:33024 nr_irqs:440 16
[    0.000000] Console: colour VGA+ 80x25
[    0.000000] console [tty1] enabled
[    0.000000] console [ttyS0] enabled
[    0.000000] tsc: Detected 2592.000 MHz processor
[   21.674645] Calibrating delay loop (skipped) preset value.. 5184.00 BogoMIPS (lpj=10368000)
[   21.869483] pid_max: default: 32768 minimum: 301
[   21.989024] ACPI: Core revision 20150930
[   22.065967] ACPI: 2 ACPI AML tables successfully acquired and loaded
[   22.139647] Security Framework initialized
[   22.166986] Yama: becoming mindful.
[   22.217856] AppArmor: AppArmor initialized
[   22.297838] Dentry cache hash table entries: 131072 (order: 8, 1048576 bytes)
[   22.457333] Inode-cache hash table entries: 65536 (order: 7, 524288 bytes)
[   22.623399] Mount-cache hash table entries: 2048 (order: 2, 16384 bytes)
[   22.777292] Mountpoint-cache hash table entries: 2048 (order: 2, 16384 bytes)
[   22.952009] Initializing cgroup subsys io
[   23.060267] Initializing cgroup subsys memory
[   23.179377] Initializing cgroup subsys devices
[   23.241776] Initializing cgroup subsys freezer
[   23.305854] Initializing cgroup subsys net_cls
[   23.400859] Initializing cgroup subsys perf_event
[   23.466561] Initializing cgroup subsys net_prio
[   23.566185] Initializing cgroup subsys hugetlb
[   23.679991] Initializing cgroup subsys pids
[   23.772824] CPU: Physical Processor ID: 0
[   23.869873] CPU: Processor Core ID: 0
[   23.963758] FEATURE SPEC_CTRL Not Present
[   24.043529] mce: CPU supports 0 MCE banks
[   24.132341] Last level iTLB entries: 4KB 64, 2MB 8, 4MB 8
[   24.261966] Last level dTLB entries: 4KB 64, 2MB 0, 4MB 0, 1GB 4
[   24.374727] Spectre V2 mitigation: Mitigation: Full generic retpoline
[   24.499534] Spectre V2 mitigation: Speculation control IBPB not-supported IBRS not-supported
[   24.674139] Spectre V2 mitigation: Filling RSB on context switch
[   24.805663] Freeing SMP alternatives memory: 32K
[   24.911916] ftrace: allocating 32202 entries in 126 pages
[   25.070011] smpboot: APIC(0) Converting physical 0 to logical package 0
[   25.182511] smpboot: Max logical packages: 1
[   25.276034] x2apic enabled
[   25.326172] Switched APIC routing to physical x2apic.
[   25.402529] ..TIMER: vector=0x30 apic1=0 pin1=2 apic2=-1 pin2=-1
[   25.629232] smpboot: CPU0: Intel(R) Core(TM) i7-6700HQ CPU @ 2.60GHz (family: 0x6, model: 0x5e, stepping: 0x3)
[   25.832651] Performance Events: unsupported p6 CPU model 94 no PMU driver, software events only.
[   26.035950] KVM setup paravirtual spinlock
[   26.132708] x86: Booting SMP configuration:
[   26.219488] .... node  #0, CPUs:      #1
[   26.316649] kvm-clock: cpu 1, msr 0:3ffe3041, secondary cpu clock
[   26.389611] mce: CPU supports 0 MCE banks
[   26.440136] x86: Booted up 1 node, 2 CPUs
[   26.490926] smpboot: Total of 2 processors activated (10368.00 BogoMIPS)
[   26.606401] devtmpfs: initialized
[   26.684978] evm: security.selinux
[   26.730088] evm: security.SMACK64
[   26.758749] evm: security.SMACK64EXEC
[   26.780006] evm: security.SMACK64TRANSMUTE
[   26.825903] evm: security.SMACK64MMAP
[   26.863013] evm: security.ima
[   26.880904] evm: security.capability
[   26.926815] clocksource: jiffies: mask: 0xffffffff max_cycles: 0xffffffff, max_idle_ns: 7645041785100000 ns
[   27.142008] futex hash table entries: 512 (order: 3, 32768 bytes)
[   27.275817] pinctrl core: initialized pinctrl subsystem
[   27.384248] RTC time:  4:51:36, date: 05/19/18
[   27.467103] NET: Registered protocol family 16
[   27.557678] cpuidle: using governor ladder
[   27.634507] cpuidle: using governor menu
[   27.697556] PCCT header not found.
[   27.766353] ACPI: bus type PCI registered
[   27.835134] acpiphp: ACPI Hot Plug PCI Controller Driver version: 0.5
[   27.974356] PCI: Using configuration type 1 for base access
[   28.083397] ACPI: Added _OSI(Module Device)
[   28.152649] ACPI: Added _OSI(Processor Device)
[   28.215552] ACPI: Added _OSI(3.0 _SCP Extensions)
[   28.298845] ACPI: Added _OSI(Processor Aggregator Device)
[   28.409322] ACPI: Executed 1 blocks of module-level executable AML code
[   28.564330] ACPI: Interpreter enabled
[   28.620140] ACPI: (supports S0 S5)
[   28.642657] ACPI: Using IOAPIC for interrupt routing
[   28.716849] PCI: Using host bridge windows from ACPI; if necessary, use "pci=nocrs" and report a bug
[   28.930482] ACPI: PCI Root Bridge [PCI0] (domain 0000 [bus 00-ff])
[   29.060009] acpi PNP0A03:00: _OSC: OS supports [ASPM ClockPM Segments MSI]
[   29.201607] acpi PNP0A03:00: _OSC: not requesting OS control; OS requires [ExtendedConfig ASPM ClockPM MSI]
[   29.404271] acpi PNP0A03:00: fail to add MMCONFIG information, can't access extended PCI configuration space under this bridge.
[   29.663478] PCI host bridge to bus 0000:00
[   29.714052] pci_bus 0000:00: root bus resource [io  0x0000-0x0cf7 window]
[   29.754456] pci_bus 0000:00: root bus resource [io  0x0d00-0xffff window]
[   29.897774] pci_bus 0000:00: root bus resource [mem 0x000a0000-0x000bffff window]
[   30.088980] pci_bus 0000:00: root bus resource [mem 0x40000000-0xffdfffff window]
[   30.257557] pci_bus 0000:00: root bus resource [bus 00-ff]
[   30.392738] pci 0000:00:01.1: legacy IDE quirk: reg 0x10: [io  0x01f0-0x01f7]
[   30.558696] pci 0000:00:01.1: legacy IDE quirk: reg 0x14: [io  0x03f6]
[   30.702925] pci 0000:00:01.1: legacy IDE quirk: reg 0x18: [io  0x0170-0x0177]
[   30.812568] pci 0000:00:01.1: legacy IDE quirk: reg 0x1c: [io  0x0376]
[   30.916766] pci 0000:00:07.0: quirk: [io  0x4000-0x403f] claimed by PIIX4 ACPI
[   31.094450] pci 0000:00:07.0: quirk: [io  0x4100-0x410f] claimed by PIIX4 SMB
[   31.262910] ACPI: PCI Interrupt Link [LNKA] (IRQs 5 9 10 *11)
[   31.385337] ACPI: PCI Interrupt Link [LNKB] (IRQs 5 9 10 *11)
[   31.497954] ACPI: PCI Interrupt Link [LNKC] (IRQs 5 9 *10 11)
[   31.592388] ACPI: PCI Interrupt Link [LNKD] (IRQs 5 *9 10 11)
[   31.715722] ACPI: Enabled 2 GPEs in block 00 to 07
[   31.806799] vgaarb: setting as boot device: PCI:0000:00:02.0
[   31.891559] vgaarb: device added: PCI:0000:00:02.0,decodes=io+mem,owns=io+mem,locks=none
[   32.010813] vgaarb: loaded
[   32.081112] vgaarb: bridge control possible 0000:00:02.0
[   32.170855] SCSI subsystem initialized
[   32.264082] ACPI: bus type USB registered
[   32.349829] usbcore: registered new interface driver usbfs
[   32.466921] usbcore: registered new interface driver hub
[   32.563717] usbcore: registered new device driver usb
[   32.682827] PCI: Using ACPI for IRQ routing
[   32.779535] NetLabel: Initializing
[   32.849984] NetLabel:  domain hash size = 128
[   32.944856] NetLabel:  protocols = UNLABELED CIPSOv4
[   32.989147] NetLabel:  unlabeled traffic allowed by default
[   33.077375] amd_nb: Cannot enumerate AMD northbridges
[   33.174034] clocksource: Switched to clocksource kvm-clock
[   33.308800] AppArmor: AppArmor Filesystem Enabled
[   33.430103] pnp: PnP ACPI init
[   33.514433] pnp: PnP ACPI: found 3 devices
[   33.637839] clocksource: acpi_pm: mask: 0xffffff max_cycles: 0xffffff, max_idle_ns: 2085701024 ns
[   33.894693] NET: Registered protocol family 2
[   34.010847] TCP established hash table entries: 8192 (order: 4, 65536 bytes)
[   34.175957] TCP bind hash table entries: 8192 (order: 5, 131072 bytes)
[   34.362605] TCP: Hash tables configured (established 8192 bind 8192)
[   34.543584] UDP hash table entries: 512 (order: 2, 16384 bytes)
[   34.685171] UDP-Lite hash table entries: 512 (order: 2, 16384 bytes)
[   34.866368] NET: Registered protocol family 1
[   34.996533] pci 0000:00:00.0: Limiting direct PCI/PCI transfers
[   35.126602] pci 0000:00:01.0: Activating ISA DMA hang workarounds
[   35.140904] Unpacking initramfs...
[   37.161935] Freeing initrd memory: 10928K
[   37.257723] platform rtc_cmos: registered platform RTC device (no PNP device found)
[   37.408971] Scanning for low memory corruption every 60 seconds
[   37.425508] audit: initializing netlink subsys (disabled)
[   37.441483] audit: type=2000 audit(1526705479.095:1): initialized
[   37.447945] Initialise system trusted keyring
[   37.476598] HugeTLB registered 2 MB page size, pre-allocated 0 pages
[   37.494403] zbud: loaded
[   37.500452] VFS: Disk quotas dquot_6.6.0
[   37.523173] VFS: Dquot-cache hash table entries: 512 (order 0, 4096 bytes)
[   37.526557] squashfs: version 4.0 (2009/01/31) Phillip Lougher
[   37.654513] fuse init (API version 7.23)
[   37.725020] Key type big_key registered
[   37.761831] Allocating IMA MOK and blacklist keyrings.
[   37.784257] Key type asymmetric registered
[   37.830729] Asymmetric key parser 'x509' registered
[   37.865667] Block layer SCSI generic (bsg) driver version 0.4 loaded (major 249)
[   37.892758] io scheduler noop registered
[   37.920924] io scheduler deadline registered (default)
[   37.938245] io scheduler cfq registered
[   37.957703] pci_hotplug: PCI Hot Plug PCI Core version: 0.5
[   37.977093] pciehp: PCI Express Hot Plug Controller Driver version: 0.4
[   37.984839] ACPI: AC Adapter [AC] (on-line)
[   38.001784] input: Power Button as /devices/LNXSYSTM:00/LNXPWRBN:00/input/input0
[   38.029994] ACPI: Power Button [PWRF]
[   38.071463] input: Sleep Button as /devices/LNXSYSTM:00/LNXSLPBN:00/input/input1
[   38.095011] ACPI: Sleep Button [SLPF]
[   38.123704] ACPI: Battery Slot [BAT0] (battery present)
[   38.148733] GHES: HEST is not enabled!
[   38.163370] Serial: 8250/16550 driver, 32 ports, IRQ sharing enabled
[   38.240497] 00:02: ttyS0 at I/O 0x3f8 (irq = 4, base_baud = 115200) is a 16550A
[   38.255382] tsc: Refined TSC clocksource calibration: 2590.860 MHz
[   38.255385] clocksource: tsc: mask: 0xffffffffffffffff max_cycles: 0x255881fdf75, max_idle_ns: 440795242090 ns
[   38.550198] Linux agpgart interface v0.103
[   38.601867] loop: module loaded
[   38.611851] scsi host0: ata_piix
[   38.650021] scsi host1: ata_piix
[   38.694702] ata1: PATA max UDMA/33 cmd 0x1f0 ctl 0x3f6 bmdma 0xd000 irq 14
[   38.742921] ata2: PATA max UDMA/33 cmd 0x170 ctl 0x376 bmdma 0xd008 irq 15
[   38.745679] libphy: Fixed MDIO Bus: probed
[   38.811950] tun: Universal TUN/TAP device driver, 1.6
[   38.900811] tun: (C) 1999-2004 Max Krasnyansky <maxk@qualcomm.com>
[   38.919630] PPP generic driver version 2.4.2
[   38.950990] ehci_hcd: USB 2.0 'Enhanced' Host Controller (EHCI) Driver
[   39.073955] ehci-pci: EHCI PCI platform driver
[   39.177056] ehci-platform: EHCI generic platform driver
[   39.331915] ohci_hcd: USB 1.1 'Open' Host Controller (OHCI) Driver
[   39.467663] ohci-pci: OHCI PCI platform driver
[   39.519930] ohci-platform: OHCI generic platform driver
[   39.546314] uhci_hcd: USB Universal Host Controller Interface driver
[   39.552860] i8042: PNP: PS/2 Controller [PNP0303:PS2K,PNP0f03:PS2M] at 0x60,0x64 irq 1,12
[   39.573835] serio: i8042 KBD port at 0x60,0x64 irq 1
[   39.577005] serio: i8042 AUX port at 0x60,0x64 irq 12
[   39.581769] mousedev: PS/2 mouse device common for all mice
[   39.583875] input: AT Translated Set 2 keyboard as /devices/platform/i8042/serio0/input/input2
[   39.597396] rtc_cmos rtc_cmos: rtc core: registered rtc_cmos as rtc0
[   39.617512] rtc_cmos rtc_cmos: alarms up to one day, 114 bytes nvram
[   39.620963] i2c /dev entries driver
[   39.622135] device-mapper: uevent: version 1.0.3
[   39.623703] device-mapper: ioctl: 4.34.0-ioctl (2015-10-28) initialised: dm-devel@redhat.com
[   39.751344] ledtrig-cpu: registered to indicate activity on CPUs
[   39.757419] NET: Registered protocol family 10
[   39.854295] NET: Registered protocol family 17
[   39.925096] Key type dns_resolver registered
[   39.974651] registered taskstats version 1
[   40.079807] Loading compiled-in X.509 certificates
[   40.218867] Loaded X.509 cert 'Build time autogenerated kernel key: eb3f78ccfd14bc84ef58e051a28e8b7731c2f6e2'
[   40.440371] zswap: loaded using pool lzo/zbud
[   40.544145] Key type trusted registered
[   40.598509] Key type encrypted registered
[   40.663056] AppArmor: AppArmor sha1 policy hashing enabled
[   40.727895] ima: No TPM chip found, activating TPM-bypass!
[   40.818664] evm: HMAC attrs: 0x1
[   40.859099]   Magic number: 2:183:869
[   40.908561] rtc_cmos rtc_cmos: setting system clock to 2018-05-19 04:51:49 UTC (1526705509)
[   41.062475] BIOS EDD facility v0.16 2004-Jun-25, 0 devices found
[   41.197611] EDD information not available.
[   41.305145] Freeing unused kernel memory: 1508K
[   41.435405] Write protecting the kernel read-only data: 14336k
[   41.589502] Freeing unused kernel memory: 1696K
[   41.706821] Freeing unused kernel memory: 100K
Loading, please wait...
starting version[   41.819023] random: systemd-udevd: uninitialized urandom read (16 bytes read, 7 bits of entropy available)
 229
[   41.819775] random: udevadm: uninitialized urandom read (16 bytes read, 7 bits of entropy available)
[   41.819824] random: udevadm: uninitialized urandom read (16 bytes read, 7 bits of entropy available)
[   41.837644] random: udevadm: uninitialized urandom read (16 bytes read, 7 bits of entropy available)
[   41.837796] random: udevadm: uninitialized urandom read (16 bytes read, 7 bits of entropy available)
[   41.838090] random: udevadm: uninitialized urandom read (16 bytes read, 7 bits of entropy available)
[   41.838195] random: udevadm: uninitialized urandom read (16 bytes read, 7 bits of entropy available)
[   41.838285] random: udevadm: uninitialized urandom read (16 bytes read, 7 bits of entropy available)
[   41.838422] random: udevadm: uninitialized urandom read (16 bytes read, 7 bits of entropy available)
[   41.838511] random: udevadm: uninitialized urandom read (16 bytes read, 7 bits of entropy available)
[   42.781040] e1000: Intel(R) PRO/1000 Network Driver - version 7.3.21-k8-NAPI
[   42.849861] e1000: Copyright (c) 1999-2006 Intel Corporation.
[   42.873263] Fusion MPT base driver 3.04.20
[   42.920867] Copyright (c) 1999-2008 LSI Corporation
[   42.975050] Fusion MPT SPI Host driver 3.04.20
[   43.010264] AVX version of gcm_enc/dec engaged.
[   43.025682] AES CTR mode by8 optimization enabled
[   43.169998] input: ImExPS/2 Generic Explorer Mouse as /devices/platform/i8042/serio1/input/input4
[   43.452261] e1000 0000:00:03.0 eth0: (PCI:33MHz:32-bit) 02:24:97:69:54:5f
[   43.536767] e1000 0000:00:03.0 eth0: Intel(R) PRO/1000 Network Connection
[   43.635441] mptbase: ioc0: Initiating bringup
[   43.727427] ioc0: LSI53C1030 A0: Capabilities={Initiator}
[   43.972725] scsi host2: ioc0: LSI53C1030 A0, FwRev=00000000h, Ports=1, MaxQ=256, IRQ=20
[   44.109209] scsi 2:0:0:0: Direct-Access     VBOX     HARDDISK         1.0  PQ: 0 ANSI: 5
[   44.238140] scsi target2:0:0: Beginning Domain Validation
[   44.281161] scsi target2:0:0: Domain Validation skipping write tests
[   44.318929] scsi target2:0:0: Ending Domain Validation
[   44.359584] scsi target2:0:0: asynchronous
[   44.422555] scsi 2:0:1:0: Direct-Access     VBOX     HARDDISK         1.0  PQ: 0 ANSI: 5
[   44.485601] scsi target2:0:1: Beginning Domain Validation
[   44.515536] scsi target2:0:1: Domain Validation skipping write tests
[   44.536951] scsi target2:0:1: Ending Domain Validation
[   44.581770] scsi target2:0:1: asynchronous
[   44.611030] sd 2:0:0:0: [sda] 20971520 512-byte logical blocks: (10.7 GB/10.0 GiB)
[   44.678260] sd 2:0:0:0: Attached scsi generic sg0 type 0
[   44.679074] e1000 0000:00:08.0 eth1: (PCI:33MHz:32-bit) 08:00:27:99:c8:98
[   44.679080] e1000 0000:00:08.0 eth1: Intel(R) PRO/1000 Network Connection
[   44.699674] e1000 0000:00:03.0 enp0s3: renamed from eth0
[   44.816726] sd 2:0:0:0: [sda] Write Protect is off
[   44.847209] sd 2:0:1:0: [sdb] 20480 512-byte logical blocks: (10.5 MB/10.0 MiB)
[   44.847446] sd 2:0:1:0: Attached scsi generic sg1 type 0
[   44.851304] e1000 0000:00:08.0 enp0s8: renamed from eth1
[   45.162892] sd 2:0:0:0: [sda] Incomplete mode parameter data
[   45.223366] sd 2:0:0:0: [sda] Assuming drive cache: write through
[   45.226450] sd 2:0:1:0: [sdb] Write Protect is off
[   45.226528] sd 2:0:1:0: [sdb] Incomplete mode parameter data
[   45.226529] sd 2:0:1:0: [sdb] Assuming drive cache: write through
[   45.269007] sd 2:0:1:0: [sdb] Attached SCSI disk
[   45.401994]  sda: sda1
[   45.410147] sd 2:0:0:0: [sda] Attached SCSI disk
Begin: Loading e[   46.909157] md: linear personality registered for level -1
ssential drivers ... [   46.962348] md: multipath personality registered for level -4
[   47.043858] md: raid0 personality registered for level 0
[   47.105526] md: raid1 personality registered for level 1
[   47.262542] raid6: sse2x1   gen()  5554 MB/s
[   47.350655] raid6: sse2x1   xor()  4096 MB/s
[   47.442474] raid6: sse2x2   gen()  6597 MB/s
[   47.534947] raid6: sse2x2   xor()  4662 MB/s
[   47.638206] raid6: sse2x4   gen()  8600 MB/s
[   47.722743] raid6: sse2x4   xor()  4384 MB/s
[   47.750415] raid6: using algorithm sse2x4 gen() 8600 MB/s
[   47.781840] raid6: .... xor() 4384 MB/s, rmw enabled
[   47.793500] raid6: using ssse3x2 recovery algorithm
[   47.800766] xor: automatically using best checksumming function:
[   47.874380]    avx       : 15967.000 MB/sec
[   47.897243] async_tx: api initialized (async)
[   47.928033] md: raid6 personality registered for level 6
[   47.950355] md: raid5 personality registered for level 5
[   47.962647] md: raid4 personality registered for level 4
[   47.998704] md: raid10 personality registered for level 10
done.
Begin: Running /scripts/init-premount ... done.
Begin: Mounting root file system ... Begin: Running /scr[   48.054477] Btrfs loaded
ipts/local-top ... done.
Begin: Running /scripts/local-premount ... Scanning for Btrfs filesystems
done.
Warning: fsck not present, so skipping root file system
[   48.119645] EXT4-fs (sda1): mounted filesystem with ordered data mode. Opts: (null)
done.
Begin: Running /scripts/local-bottom ... done.
Begin: Running /scripts/init-bottom ... done.
[   48.706908] systemd[1]: systemd 229 running in system mode. (+PAM +AUDIT +SELINUX +IMA +APPARMOR +SMACK +SYSVINIT +UTMP +LIBCRYPTSETUP +GCRYPT +GNUTLS +ACL +XZ -LZ4 +SECCOMP +BLKID +ELFUTILS +KMOD -IDN)
[   48.742140] systemd[1]: Detected virtualization oracle.
[   48.755400] systemd[1]: Detected architecture x86-64.
[   48.766461] random: nonblocking pool is initialized

Welcome to [1mUbuntu 16.04.4 LTS[0m!

[   48.843563] systemd[1]: Set hostname to <ubuntu>.
[   48.981121] systemd[1]: Initializing machine ID from random generator.
[   49.103849] systemd[1]: Installed transient /etc/machine-id file.
[   49.901743] systemd[1]: Listening on LVM2 poll daemon socket.
[[0;32m  OK  [0m] Listening on LVM2 poll daemon socket.
[   49.934992] systemd[1]: Set up automount Arbitrary Executable File Formats File System Automount Point.
[[0;32m  OK  [0m] Set up automount Arbitrary Executab...ats File System Automount Point.
[   49.961914] systemd[1]: Listening on Syslog Socket.
[[0;32m  OK  [0m] Listening on Syslog Socket.
[   50.002407] systemd[1]: Listening on Journal Socket.
[[0;32m  OK  [0m] Listening on Journal Socket.
[   50.054476] systemd[1]: Listening on udev Kernel Socket.
[[0;32m  OK  [0m] Listening on udev Kernel Socket.
[   50.122644] systemd[1]: Listening on udev Control Socket.
[[0;32m  OK  [0m] Listening on udev Control Socket.
[   50.150609] systemd[1]: Listening on LVM2 metadata daemon socket.
[[0;32m  OK  [0m] Listening on LVM2 metadata daemon socket.
[   50.170795] systemd[1]: Listening on /dev/initctl Compatibility Named Pipe.
[[0;32m  OK  [0m] Listening on /dev/initctl Compatibility Named Pipe.
[   50.196131] systemd[1]: Listening on Journal Socket (/dev/log).
[[0;32m  OK  [0m] Listening on Journal Socket (/dev/log).
[   50.250858] systemd[1]: Listening on Device-mapper event daemon FIFOs.
[[0;32m  OK  [0m] Listening on Device-mapper event daemon FIFOs.
[   50.302765] systemd[1]: Created slice User and Session Slice.
[[0;32m  OK  [0m] Created slice User and Session Slice.
[   50.358651] systemd[1]: Started Forward Password Requests to Wall Directory Watch.
[[0;32m  OK  [0m] Started Forward Password Requests to Wall Directory Watch.
[   50.435289] systemd[1]: Reached target User and Group Name Lookups.
[[0;32m  OK  [0m] Reached target User and Group Name Lookups.
[   50.472672] systemd[1]: Started Trigger resolvconf update for networkd DNS.
[[0;32m  OK  [0m] Started Trigger resolvconf update for networkd DNS.
[   50.543233] systemd[1]: Reached target System Time Synchronized.
[[0;32m  OK  [0m] Reached target System Time Synchronized.
[   50.590743] systemd[1]: Reached target Encrypted Volumes.
[[0;32m  OK  [0m] Reached target Encrypted Volumes.
[   50.622480] systemd[1]: Reached target Swap.
[[0;32m  OK  [0m] Reached target Swap.
[   50.679874] systemd[1]: Created slice System Slice.
[[0;32m  OK  [0m] Created slice System Slice.
[   50.696637] systemd[1]: Reached target Slices.
[[0;32m  OK  [0m] Reached target Slices.
[   50.727032] systemd[1]: Starting Create list of required static device nodes for the current kernel...
         Starting Create list of required st... nodes for the current kernel...
[   50.759527] systemd[1]: Starting Monitoring of LVM2 mirrors, snapshots etc. using dmeventd or progress polling...
         Starting Monitoring of LVM2 mirrors... dmeventd or progress polling...
[   50.808299] systemd[1]: Starting Uncomplicated firewall...
         Starting Uncomplicated firewall...
[   50.862605] systemd[1]: Starting Nameserver information manager...
         Starting Nameserver information manager...
[   50.974943] systemd[1]: Starting Load Kernel Modules...
         Starting Load Kernel Modules...
[   51.064501] systemd[1]: Mounting Huge Pages File System...
         Mounting Huge Pages File System...
[   51.126531] systemd[1]: Starting Set console keymap...
         Starting Set console keymap...
[   51.180747] Loading iSCSI transport class v2.0-870.
[   51.209089] systemd[1]: Created slice system-serial\x2dgetty.slice.
[[0;32m  OK  [0m] Created slice system-serial\x2dgetty.slice.
[   51.259293] systemd[1]: Mounting Debug File System...
         Mounting Debug File System...
[   51.320734] systemd[1]: Starting Remount Root and Kernel File Systems...
[   51.381845] iscsi: registered transport (tcp)
         [   51.398472] EXT4-fs (sda1): re-mounted. Opts: (null)
Starting Remount Root and Kernel File Systems...
[   51.430610] systemd[1]: Mounting POSIX Message Queue File System...
         Mountin[   51.451161] iscsi: registered transport (iser)
g POSIX Message Queue File System...
[   51.490953] systemd[1]: Listening on Journal Audit Socket.
[[0;32m  OK  [0m] Listening on Journal Audit Socket.
[   51.554273] systemd[1]: Starting Journal Service...
         Starting Journal Service...
[   51.589979] systemd[1]: Mounted POSIX Message Queue File System.
[[0;32m  OK  [0m] Mounted POSIX Message Queue File System.
[   51.622508] systemd[1]: Mounted Huge Pages File System.
[[0;32m  OK  [0m] Mounted Huge Pages File System.
[   51.670353] systemd[1]: Mounted Debug File System.
[[0;32m  OK  [0m] Mounted Debug File System.
[   51.698724] systemd[1]: Started Journal Service.
[[0;32m  OK  [0m] Started Journal Service.
[[0;32m  OK  [0m] Started Create list of required sta...ce nodes for the current kernel.
[[0;32m  OK  [0m] Started Uncomplicated firewall.
[[0;32m  OK  [0m] Started Load Kernel Modules.
[[0;32m  OK  [0m] Started Set console keymap.
[[0;32m  OK  [0m] Started Remount Root and Kernel File Systems.
[[0;32m  OK  [0m] Started Nameserver information manager.
[[0;32m  OK  [0m] Started LVM2 metadata daemon.
         Starting Load/Save Random Seed...
         Starting udev Coldplug all Devices...
         Starting Initial cloud-init job (pre-networking)...
         Starting Apply Kernel Variables...
         Mounting FUSE Control File System...
         Starting Create Static Device Nodes in /dev...
         Starting Flush Journal to Persistent Storage...
[[0;32m  OK  [0m] Mounted FUSE Control File System.
[[0;32m  OK  [0m] Started Load/Save Random Seed.
[[0;32m  OK  [0m] Started Apply Kernel Variables.
[[0;32m  OK  [0m] Started udev Coldplug all Devices.
[[0;32m  OK  [0m] Started Flush Journal to Persistent Storage.
[[0;32m  OK  [0m] Started Monitoring of LVM2 mirrors,...ng dmeventd or progress polling.
[[0;32m  OK  [0m] Started Create Static Device Nodes in /dev.
         Starting udev Kernel Device Manager...
[[0;32m  OK  [0m] Started udev Kernel Device Manager.
[[0;32m  OK  [0m] Started Dispatch Password Requests to Console Directory Watch.
[[0;32m  OK  [0m] Reached target Local File Systems (Pre).
[[0;32m  OK  [0m] Reached target Local File Systems.
         Starting Tell Plymouth To Write Out Runtime Data...
         Starting Set console font and keymap...
         Starting Create Volatile Files and Directories...
         Starting Commit a transient machine-id on disk...
         Starting LSB: AppArmor initialization...
[[0;32m  OK  [0m] Started Create Volatile Files and Directories.
[[0;32m  OK  [0m] Started Tell Plymouth To Write Out Runtime Data.
[[0;32m  OK  [0m] Started Commit a transient machine-id on disk.
[[0;32m  OK  [0m] Found device /dev/ttyS0.
         Starting Update UTMP about System Boot/Shutdown...
[[0;32m  OK  [0m] Started Update UTMP about System Boot/Shutdown.
[[0;32m  OK  [0m] Listening on Load/Save RF Kill Switch Status /dev/rfkill Watch.
[[0;32m  OK  [0m] Started Set console font and keymap.
[[0;32m  OK  [0m] Created slice system-getty.slice.
[[0;32m  OK  [0m] Started LSB: AppArmor initialization.
[   25.296656] cloud-init[433]: Cloud-init v. 18.2 running 'init-local' at Sat, 19 May 2018 04:52:05 +0000. Up 24.71 seconds.
[[0;32m  OK  [0m] Started Initial cloud-init job (pre-networking).
[[0;32m  OK  [0m] Reached target Network (Pre).
         Starting Raise network interfaces...
[[0;32m  OK  [0m] Started Raise network interfaces.
         Starting Initial cloud-init job (metadata service crawler)...
[[0;32m  OK  [0m] Reached target Network.
[   27.874554] cloud-init[937]: Cloud-init v. 18.2 running 'init' at Sat, 19 May 2018 04:52:07 +0000. Up 26.28 seconds.
[   27.921478] cloud-init[937]: ci-info: ++++++++++++++++++++++++++++++++++++++Net device info++++++++++++++++++++++++++++++++++++++
[   27.976732] cloud-init[937]: ci-info: +--------+-------+----------------------------+---------------+-------+-------------------+
[   28.061114] cloud-init[937]: ci-info: | Device |   Up  |          Address           |      Mask     | Scope |     Hw-Address    |
[[0;32m  OK  [0m] Started Initial cloud-init job (metadata service crawler).
[   28.219430] [cloud-init[0;32m  OK  [0m[937]: ] ci-info: +--------+-------+----------------------------+---------------+-------+-------------------+Reached target Cloud-config availability.

[   28.291431] [cloud-init[0;32m  OK  [0m[937]: ] ci-info: | enp0s3 |  True |         10.0.2.15          | 255.255.255.0 |   .   | 02:24:97:69:54:5f |Reached target System Initialization.

[[0;32m  OK  [0m] Started Daily apt download activities.
[   28.417448] cloud-init[937]: ci-info: | enp0s3 |  True | fe80::24:97ff:fe69:545f/64 |       .       |  link | 02:24:97:69:54:5f |
[   28.753089] [cloud-init[0;32m  OK  [0m[937]: ] ci-info: | enp0s8 | False |             .              |       .       |   .   | 08:00:27:99:c8:98 |Started ACPI Events Check.

[[0;32m  OK  [0m] Reached target Paths.
[[0;32m  OK  [0m] Listening on D-Bus System Message Bus Socket.
[   28.753518] cloud-init[937]: ci-info: |   lo   |  True |         127.0.0.1          |   255.0.0.0   |   .   |         .         |
[   29.053374] [cloud-init[0;32m  OK  [0m[937]: ] ci-info: |   lo   |  True |          ::1/128           |       .       |  host |         .         |Listening on UUID daemon activation socket.

[   29.054608] [cloud-init[0;32m  OK  [0m[937]: ] ci-info: +--------+-------+----------------------------+---------------+-------+-------------------+Started Daily apt upgrade and clean activities.

[   29.404945]          cloud-initStarting LXD - unix socket.[937]: 
ci-info: +++++++++++++++++++++++++++Route IPv4 info++++++++++++++++++++++++++++
[   29.516744]          cloud-initStarting Socket activation for snappy daemon.[937]: 
ci-info: +-------+-------------+----------+---------------+-----------+-------+
[[0;32m  OK  [0m] Started Daily Cleanup of Temporary Directories.
[[0;32m  OK  [0m] Listening on ACPID Listen Socket.
[   29.517475] cloud-init[937]: ci-info: | Route | Destination | Gateway  |    Genmask    | Interface | Flags |
[   29.749347] [cloud-init[0;32m  OK  [0m[937]: ] ci-info: +-------+-------------+----------+---------------+-----------+-------+Reached target Timers.

[   29.928388] [cloud-init[0;32m  OK  [0m[937]: ] ci-info: |   0   |   0.0.0.0   | 10.0.2.2 |    0.0.0.0    |   enp0s3  |   UG  |Reached target Network is Online.

[   29.929014] cloud-init[937]: ci-info: |   1   |   10.0.2.0  | 0.0.0.0  | 255.255.255.0 |   enp0s3  |   U   |
[   30.128219]          cloud-initStarting iSCSI initiator daemon (iscsid)...[937]: 
ci-info: +-------+-------------+----------+---------------+-----------+-------+
[[0;32m  OK  [0m] Listening on LXD - unix socket.
[   30.273382] [cloud-init[0;32m  OK  [0m[937]: ] Generating public/private rsa key pair.Listening on Socket activation for snappy daemon.

[   30.326159] cloud-init[937]: Your identification has been saved in /etc/ssh/ssh_host_rsa_key.
[   30.521651] [cloud-init[0;32m  OK  [0m[937]: ] Your public key has been saved in /etc/ssh/ssh_host_rsa_key.pub.Reached target Sockets.

[   30.522710] [cloud-init[0;32m  OK  [0m[937]: ] The key fingerprint is:Reached target Basic System.

[   30.613904] cloud-init[937]: SHA256:5OOoloV5EpJc8jaeEjCzmW08c9c3b6iC1ql9zdlKQhQ root@ubuntu-xenial
[   30.800611] [cloud-init[0;32m  OK  [0m[937]: ] The key's randomart image is:Started Regular background program processing daemon.

[   30.801115] cloud-init[937]: +---[RSA 2048]----+
[   30.992650]          cloud-initStarting Virtualbox guest utils...[937]: 
|        E        |
         Starting /etc/rc.local Compatibility...
[   31.079615] cloud-init[937]: |+ . .    .       |
[   31.168565] cloud-init[937]: | @ =   .o        |
         Starting System Logging Service...
[   31.231176] cloud-init[937]: |+ @ * .+. o      |
[   31.332593]          cloud-initStarting Snappy daemon...[937]: 
| . O B  S. +     |
[   31.413276] [cloud-init[0;32m  OK  [0m[937]: ] |  . * o+ .. o    |Started FUSE filesystem for LXC.

[   31.414649] cloud-init[937]: |   . B..o+.+     |
         Starting Login Service...
[   31.545055] cloud-init[937]: |    =o+ oo+ .    |
[[0;32m  OK  [0m] Started Deferred execution scheduler.
[[0;32m  OK  [0m] Started Unattended Upgrades Shutdown.
[   31.564604] cloud-init[937]: |   oo..o  ..     |
[   31.692367] cloud-init[937]: +----[SHA256]-----+
[[0;32m  OK  [0m] Started D-Bus System Message Bus.
[   31.728197] cloud-init[937]: Generating public/private dsa key pair.
[   31.836515] cloud-init[937]: Your identification has been saved in /etc/ssh/ssh_host_dsa_key.
[   31.871719] cloud-init[937]: Your public key has been saved in /etc/ssh/ssh_host_dsa_key.pub.
[   31.913246] cloud-init[937]: The key fingerprint is:
[   31.949225] cloud-init[937]: SHA256:o3J1soKePv2lPCFOLiwp/iFEvT4ZQVvuX5xYZLCfxmQ root@ubuntu-xenial
[   32.019774] cloud-init[937]: The key's randomart image is:
[   32.068409] cloud-init[937]: +---[DSA 1024]----+
[   32.092681] cloud-init[937]: |   . . ..o       |
[   32.108164] cloud-init[937]: |  o +   +        |
[   32.140590] cloud-init[937]: | . + . . E       |
[   32.188698] cloud-init[937]: |.   +   O o      |
[   32.245262] cloud-init[937]: | . o . .SO.      |
[   32.262114] cloud-init[937]: |. . o.+o+=       |
[   32.300791] cloud-init[937]: | . Bo=+o...      |
[   32.340898] cloud-init[937]: |. +.*++o.o       |
[   32.396526] cloud-init[937]: |.o.++o .+.       |
[   32.436471] cloud-init[937]: +----[SHA256]-----+
[   32.476826] cloud-init[937]: Generating public/private ecdsa key pair.
[   32.516716] cloud-init[937]: Your identification has been saved in /etc/ssh/ssh_host_ecdsa_key.
[   32.544606] cloud-init[937]: Your public key has been saved in /etc/ssh/ssh_host_ecdsa_key.pub.
[   32.581571] cloud-init[937]: The key fingerprint is:
[   32.592763] cloud-init[937]: SHA256:6dK66y+c7/dUsITlioWpjH+LLBWjdQ1h2ISCv7G5Jx8 root@ubuntu-xenial
[   32.640525] cloud-init[937]: The key's randomart image is:
[   32.684378] cloud-init[937]: +---[ECDSA 256]---+
[   32.684509] cloud-init[937]: |   .   =+.  .    |
[   32.684634] cloud-init[937]: |  . . o.oo +     |
[   32.684725] cloud-init[937]: |   . .  ooo +    |
[   32.684816] cloud-init[937]: |    oo+..+.o o   |
[   32.684905] cloud-init[937]: |    .Bo+S . . .  |
[   32.684994] cloud-init[937]: |    =..o     .   |
[   32.685102] cloud-init[937]: |     +E.+   .    |
[   32.685191] cloud-init[937]: |    +.=* ...     |
[   32.685278] cloud-init[937]: |     *OB=. ..    |
[   32.685365] cloud-init[937]: +----[SHA256]-----+
[   32.685452] cloud-init[937]: Generating public/private ed25519 key pair.
[   32.685542] cloud-init[937]: Your identification has been saved in /etc/ssh/ssh_host_ed25519_key.
[   32.685630] cloud-init[937]: Your public key has been saved in /etc/ssh/ssh_host_ed25519_key.pub.
[   32.685744] cloud-init[937]: The key fingerprint is:
[   32.685832] cloud-init[937]: SHA256:PcM3d2SDOq13DOsGA8ubsKYiiaeaFHBqvxRODWr4Sgw root@ubuntu-xenial
[   32.685920] cloud-init[937]: The key's randomart image is:
[   32.686008] cloud-init[937]: +--[ED25519 256]--+
[   32.686095] cloud-init[937]: |                 |
[   32.686181] cloud-init[937]: |              .  |
[   32.686269] cloud-init[937]: |. ..         . .o|
[   32.686375] cloud-init[937]: |oo. o    +  o  o.|
[   32.686467] cloud-init[937]: |E= o .  S Booo. .|
[   32.686555] cloud-init[937]: |=.= .  . o *oo+. |
[   32.686642] cloud-init[937]: |.+o+    o o.oo o |
[   32.686729] cloud-init[937]: |+=o..  o o  o..  |
         Starting LSB: Record successful boot for GRUB...
[   32.687443] cloud-init[937]: |*o....o     ..   |
         Starting Accounts Service...
[   33.215321] cloud-init[937]: +----[SHA256]-----+
         Starting Apply the settings specified in cloud-config...
         Starting LSB: MD monitoring daemon...
[[0;32m  OK  [0m] Started ACPI event daemon.
         Starting Pollinate to seed the pseudo random number generator...
         Starting LXD - container startup/shutdown...
[[0;32m  OK  [0m] Started System Logging Service.
[[0;32m  OK  [0m] Started Snappy daemon.
[[0;32m  OK  [0m] Started iSCSI initiator daemon (iscsid).
[[0;32m  OK  [0m] Started /etc/rc.local Compatibility.
         Starting Login to default iSCSI targets...
[[0;32m  OK  [0m] Started Login Service.
[[0;32m  OK  [0m] Started LSB: Record successful boot for GRUB.
         Starting Authenticate and Authorize Users to Run Privileged Tasks...
[[0;32m  OK  [0m] Started LSB: MD monitoring daemon.
[[0;32m  OK  [0m] Started Login to default iSCSI targets.
[[0;32m  OK  [0m] Reached target Remote File Systems (Pre).
[[0;32m  OK  [0m] Reached target Remote File Systems.
         Starting Permit User Sessions...
         Starting LSB: automatic crash report generation...
         Starting LSB: daemon to balance interrupts for SMP systems...
         Starting LSB: Set the CPU Frequency Scaling governor to "ondemand"...
[[0;32m  OK  [0m] Started Permit User Sessions.
[[0;32m  OK  [0m] Started Authenticate and Authorize Users to Run Privileged Tasks.
[[0;32m  OK  [0m] Started Virtualbox guest utils.
[[0;32m  OK  [0m] Started Accounts Service.
         Starting Terminate Plymouth Boot Screen...
         Starting Hold until boot process finishes up...
[[0;32m  OK  [0m] Started LSB: automatic crash report generation.
[   34.919545] [cloud-init[0;32m  OK  [0m[1076]: ] Generating locales (this might take a while)...Started LSB: daemon to balance interrupts for SMP systems.

[[0;32m  OK  [0m] Started LSB: Set the CPU Frequency Scaling governor to "ondemand".
[[0;32m  OK  [0m] Started Terminate Plymouth Boot Screen.
[[0;32m  OK  [0m] Started Hold until boot process finishes up.
[[0;32m  OK  [0m] Started Serial Getty on ttyS0.
[[0;32m  OK  [0m] Started Getty on tty1.
[[0;32m  OK  [0m] Reached target Login Prompts.
         Starting Set console scheme...
[[0;32m  OK  [0m] Started Set console scheme.
[[0;32m  OK  [0m] Started LXD - container startup/shutdown.
[[0;32m  OK  [0m] Started Pollinate to seed the pseudo random number generator.
         Starting OpenBSD Secure Shell server...
[   36.414221] cloud-init[1076]:   en_US.UTF-8... done
[   36.461355] cloud-init[1076]: Generation complete.
[[0;32m  OK  [0m] Started OpenBSD Secure Shell server.
[[0;32m  OK  [0m] Reached target Multi-User System.
[[0;32m  OK  [0m] Reached target Graphical Interface.
         Starting Update UTMP about System Runlevel Changes...
[[0;32m  OK  [0m] Started Update UTMP about System Runlevel Changes.
[   37.550295] cloud-init[1076]: Cloud-init v. 18.2 running 'modules:config' at Sat, 19 May 2018 04:52:14 +0000. Up 33.71 seconds.
[[0;32m  OK  [0m] Started Apply the settings specified in cloud-config.
         Starting Execute cloud user/final scripts...
[[0;32m  OK  [0m] Created slice User Slice of vagrant.
         Starting User Manager for UID 1000...
[[0;32m  OK  [0m] Started Session 1 of user vagrant.
[[0;32m  OK  [0m] Started User Manager for UID 1000.
ci-info: no authorized ssh keys fingerprints found for user ubuntu.
<14>May 19 04:52:19 ec2: 
<14>May 19 04:52:19 ec2: #############################################################
<14>May 19 04:52:19 ec2: -----BEGIN SSH HOST KEY FINGERPRINTS-----
<14>May 19 04:52:19 ec2: 1024 SHA256:o3J1soKePv2lPCFOLiwp/iFEvT4ZQVvuX5xYZLCfxmQ root@ubuntu-xenial (DSA)
<14>May 19 04:52:19 ec2: 256 SHA256:6dK66y+c7/dUsITlioWpjH+LLBWjdQ1h2ISCv7G5Jx8 root@ubuntu-xenial (ECDSA)
<14>May 19 04:52:19 ec2: 256 SHA256:PcM3d2SDOq13DOsGA8ubsKYiiaeaFHBqvxRODWr4Sgw root@ubuntu-xenial (ED25519)
<14>May 19 04:52:19 ec2: 2048 SHA256:5OOoloV5EpJc8jaeEjCzmW08c9c3b6iC1ql9zdlKQhQ root@ubuntu-xenial (RSA)
<14>May 19 04:52:19 ec2: -----END SSH HOST KEY FINGERPRINTS-----
<14>May 19 04:52:19 ec2: #############################################################
-----BEGIN SSH HOST KEY KEYS-----
ecdsa-sha2-nistp256 AAAAE2VjZHNhLXNoYTItbmlzdHAyNTYAAAAIbmlzdHAyNTYAAABBBEHWIVztVSH0LhN62cIfve+XIaUOqlUAK5dTnKGk+7VkuDVTrAVJeBipXBBkCuWEp1Sxj7ZHfRg+pH+kFcVsCjM= root@ubuntu-xenial
ssh-ed25519 AAAAC3NzaC1lZDI1NTE5AAAAIKm3ASzCXOCZwhc/USTzMt3A/RsRs7xanrP1tBYqqxmK root@ubuntu-xenial
ssh-rsa AAAAB3NzaC1yc2EAAAADAQABAAABAQDTqd9XCWjruk2C2q2F8VDe8sQy0dqm5Cdlj9JbsDCCdYqt8O5+bc0NSkDbHX2ZEYOvWhRI0B0VcglSPVNW/KKNoyL1gkBhFZt3YeDWMtJK1xohRzs4PJIIGvBSfXLxyOHG0Aiv0T+cBWEfNcM+lUxijCeNbhl3zbJ4ef4/jjKVJO9DikYziDD9NT0+Bz+wjq2l2r8n1aPDofKv170ycshU2cw0cU5DWqeAZh0DQg4CTJ6+od4dbIiHjjFd/RM7LnFd8yzaRCaEbfVkpuRKX4VCtB/Osmeb44hvcF3H6ijaiaHNH7rj/yvrKrEpmEVQ6Wac/KdDSeLS5Kdy57grtNvH root@ubuntu-xenial
-----END SSH HOST KEY KEYS-----
[   38.912376] cloud-init[1288]: Cloud-init v. 18.2 running 'modules:final' at Sat, 19 May 2018 04:52:18 +0000. Up 38.00 seconds.
[   39.012577] cloud-init[1288]: ci-info: no authorized ssh keys fingerprints found for user ubuntu.
[[0;32m  OK  [0m] Started Execute cloud user/final scripts.
[   39.012942] cloud-init[1288]: Cloud-init v. 18.2 finished at Sat, 19 May 2018 04:52:19 +0000. Datasource DataSourceNoCloud [seed=/dev/sdb][dsmode=net].  Up 38.90 seconds
[[0;32m  OK  [0m] Reached target Cloud-init target.

Ubuntu 16.04.4 LTS ubuntu-xenial ttyS0

ubuntu-xenial login: 