[    0.000000] Initializing cgroup subsys cpuset
[    0.000000] Initializing cgroup subsys cpu
[    0.000000] Initializing cgroup subsys cpuacct
[    0.000000] Linux version 4.4.0-122-generic (buildd@lcy01-amd64-005) (gcc version 5.4.0 20160609 (Ubuntu 5.4.0-6ubuntu1~16.04.9) ) #146-Ubuntu SMP Mon Apr 23 15:34:04 UTC 2018 (Ubuntu 4.4.0-122.146-generic 4.4.117)
[    0.000000] Command line: BOOT_IMAGE=/boot/vmlinuz-4.4.0-122-generic root=LABEL=cloudimg-rootfs ro console=tty1 console=ttyS0
[    0.000000] KERNEL supported cpus:
[    0.000000]   Intel GenuineIntel
[    0.000000]   AMD AuthenticAMD
[    0.000000]   Centaur CentaurHauls
[    0.000000] ------------[ cut here ]------------
[    0.000000] WARNING: CPU: 0 PID: 0 at /build/linux-fK4DoK/linux-4.4.0/arch/x86/kernel/fpu/xstate.c:517 fpu__init_system_xstate+0x38b/0x75a()
[    0.000000] XSAVE consistency problem, dumping leaves
[    0.000000] Modules linked in:
[    0.000000] CPU: 0 PID: 0 Comm: swapper Not tainted 4.4.0-122-generic #146-Ubuntu
[    0.000000]  0000000000000086 bc134304cd1a9180 ffffffff81e03d80 ffffffff813ffc13
[    0.000000]  ffffffff81e03dc8 ffffffff81cac050 ffffffff81e03db8 ffffffff81083232
[    0.000000]  ffffffff81e03e48 ffffffff81e03e4c 0000000000000008 0000000000000100
[    0.000000] Call Trace:
[    0.000000]  [<ffffffff813ffc13>] dump_stack+0x63/0x90
[    0.000000]  [<ffffffff81083232>] warn_slowpath_common+0x82/0xc0
[    0.000000]  [<ffffffff810832cc>] warn_slowpath_fmt+0x5c/0x80
[    0.000000]  [<ffffffff8107eda8>] ? xfeature_size+0x59/0x77
[    0.000000]  [<ffffffff81f732e9>] fpu__init_system_xstate+0x38b/0x75a
[    0.000000]  [<ffffffff81f63120>] ? early_idt_handler_array+0x120/0x120
[    0.000000]  [<ffffffff81f72c54>] fpu__init_system+0x10b/0x243
[    0.000000]  [<ffffffff81f73e1f>] early_cpu_init+0x178/0x17d
[    0.000000]  [<ffffffff81f73e1f>] ? early_cpu_init+0x178/0x17d
[    0.000000]  [<ffffffff81f6f1ae>] setup_arch+0xb4/0xd2b
[    0.000000]  [<ffffffff81f63120>] ? early_idt_handler_array+0x120/0x120
[    0.000000]  [<ffffffff81f63c7b>] start_kernel+0xe2/0x4aa
[    0.000000]  [<ffffffff81f63120>] ? early_idt_handler_array+0x120/0x120
[    0.000000]  [<ffffffff81f63339>] x86_64_start_reservations+0x2a/0x2c
[    0.000000]  [<ffffffff81f63485>] x86_64_start_kernel+0x14a/0x16d
[    0.000000] ---[ end trace 4d5ff9f2f68c4233 ]---
[    0.000000] CPUID[0d, 00]: eax=00000007 ebx=00000440 ecx=00000440 edx=00000000
[    0.000000] CPUID[0d, 01]: eax=00000000 ebx=00000440 ecx=00000000 edx=00000000
[    0.000000] CPUID[0d, 02]: eax=00000100 ebx=00000240 ecx=00000000 edx=00000000
[    0.000000] CPUID[0d, 03]: eax=00000000 ebx=00000000 ecx=00000000 edx=00000000
[    0.000000] CPUID[0d, 04]: eax=00000000 ebx=00000000 ecx=00000000 edx=00000000
[    0.000000] CPUID[0d, 05]: eax=00000000 ebx=00000000 ecx=00000000 edx=00000000
[    0.000000] CPUID[0d, 06]: eax=00000000 ebx=00000000 ecx=00000000 edx=00000000
[    0.000000] CPUID[0d, 07]: eax=00000000 ebx=00000000 ecx=00000000 edx=00000000
[    0.000000] CPUID[0d, 08]: eax=00000000 ebx=00000000 ecx=00000000 edx=00000000
[    0.000000] CPUID[0d, 09]: eax=00000000 ebx=00000000 ecx=00000000 edx=00000000
[    0.000000] CPUID[0d, 0a]: eax=00000000 ebx=00000000 ecx=00000000 edx=00000000
[    0.000000] CPUID[0d, 0b]: eax=00000000 ebx=00000000 ecx=00000000 edx=00000000
[    0.000000] CPUID[0d, 0c]: eax=00000000 ebx=00000000 ecx=00000000 edx=00000000
[    0.000000] CPUID[0d, 0d]: eax=00000000 ebx=00000000 ecx=00000000 edx=00000000
[    0.000000] CPUID[0d, 0e]: eax=00000000 ebx=00000000 ecx=00000000 edx=00000000
[    0.000000] CPUID[0d, 0f]: eax=00000000 ebx=00000000 ecx=00000000 edx=00000000
[    0.000000] CPUID[0d, 10]: eax=00000000 ebx=00000000 ecx=00000000 edx=00000000
[    0.000000] CPUID[0d, 11]: eax=00000000 ebx=00000000 ecx=00000000 edx=00000000
[    0.000000] x86/fpu: xstate_offset[2]:  576, xstate_sizes[2]:  256
[    0.000000] x86/fpu: Supporting XSAVE feature 0x01: 'x87 floating point registers'
[    0.000000] x86/fpu: Supporting XSAVE feature 0x02: 'SSE registers'
[    0.000000] x86/fpu: Supporting XSAVE feature 0x04: 'AVX registers'
[    0.000000] x86/fpu: Enabled xstate features 0x7, context size is 1088 bytes, using 'standard' format.
[    0.000000] x86/fpu: Using 'lazy' FPU context switches.
[    0.000000] e820: BIOS-provided physical RAM map:
[    0.000000] BIOS-e820: [mem 0x0000000000000000-0x000000000009fbff] usable
[    0.000000] BIOS-e820: [mem 0x000000000009fc00-0x000000000009ffff] reserved
[    0.000000] BIOS-e820: [mem 0x00000000000f0000-0x00000000000fffff] reserved
[    0.000000] BIOS-e820: [mem 0x0000000000100000-0x000000003ffeffff] usable
[    0.000000] BIOS-e820: [mem 0x000000003fff0000-0x000000003fffffff] ACPI data
[    0.000000] BIOS-e820: [mem 0x00000000fec00000-0x00000000fec00fff] reserved
[    0.000000] BIOS-e820: [mem 0x00000000fee00000-0x00000000fee00fff] reserved
[    0.000000] BIOS-e820: [mem 0x00000000fffc0000-0x00000000ffffffff] reserved
[    0.000000] NX (Execute Disable) protection: active
[    0.000000] SMBIOS 2.5 present.
[    0.000000] Hypervisor detected: KVM
[    0.000000] e820: last_pfn = 0x3fff0 max_arch_pfn = 0x400000000
[    0.000000] MTRR: Disabled
[    0.000000] x86/PAT: MTRRs disabled, skipping PAT initialization too.
[    0.000000] CPU MTRRs all blank - virtualized system.
[    0.000000] x86/PAT: Configuration [0-7]: WB  WT  UC- UC  WB  WT  UC- UC  
[    0.000000] found SMP MP-table at [mem 0x0009fff0-0x0009ffff] mapped at [ffff88000009fff0]
[    0.000000] Scanning 1 areas for low memory corruption
[    0.000000] RAMDISK: [mem 0x36a98000-0x37543fff]
[    0.000000] ACPI: Early table checksum verification disabled
[    0.000000] ACPI: RSDP 0x00000000000E0000 000024 (v02 VBOX  )
[    0.000000] ACPI: XSDT 0x000000003FFF0030 00003C (v01 VBOX   VBOXXSDT 00000001 ASL  00000061)
[    0.000000] ACPI: FACP 0x000000003FFF00F0 0000F4 (v04 VBOX   VBOXFACP 00000001 ASL  00000061)
[    0.000000] ACPI: DSDT 0x000000003FFF0470 0021FF (v02 VBOX   VBOXBIOS 00000002 INTL 20100528)
[    0.000000] ACPI: FACS 0x000000003FFF0200 000040
[    0.000000] ACPI: FACS 0x000000003FFF0200 000040
[    0.000000] ACPI: APIC 0x000000003FFF0240 00005C (v02 VBOX   VBOXAPIC 00000001 ASL  00000061)
[    0.000000] ACPI: SSDT 0x000000003FFF02A0 0001CC (v01 VBOX   VBOXCPUT 00000002 INTL 20100528)
[    0.000000] No NUMA configuration found
[    0.000000] Faking a node at [mem 0x0000000000000000-0x000000003ffeffff]
[    0.000000] NODE_DATA(0) allocated [mem 0x3ffeb000-0x3ffeffff]
[    0.000000] kvm-clock: Using msrs 4b564d01 and 4b564d00
[    0.000000] kvm-clock: cpu 0, msr 0:3ffe3001, primary cpu clock
[    0.000000] kvm-clock: using sched offset of 8187185821 cycles
[    0.000000] clocksource: kvm-clock: mask: 0xffffffffffffffff max_cycles: 0x1cd42e4dffb, max_idle_ns: 881590591483 ns
[    0.000000] Zone ranges:
[    0.000000]   DMA      [mem 0x0000000000001000-0x0000000000ffffff]
[    0.000000]   DMA32    [mem 0x0000000001000000-0x000000003ffeffff]
[    0.000000]   Normal   empty
[    0.000000]   Device   empty
[    0.000000] Movable zone start for each node
[    0.000000] Early memory node ranges
[    0.000000]   node   0: [mem 0x0000000000001000-0x000000000009efff]
[    0.000000]   node   0: [mem 0x0000000000100000-0x000000003ffeffff]
[    0.000000] Initmem setup node 0 [mem 0x0000000000001000-0x000000003ffeffff]
[    0.000000] ACPI: PM-Timer IO Port: 0x4008
[    0.000000] IOAPIC[0]: apic_id 2, version 32, address 0xfec00000, GSI 0-23
[    0.000000] ACPI: INT_SRC_OVR (bus 0 bus_irq 0 global_irq 2 dfl dfl)
[    0.000000] ACPI: INT_SRC_OVR (bus 0 bus_irq 9 global_irq 9 high level)
[    0.000000] Using ACPI (MADT) for SMP configuration information
[    0.000000] smpboot: Allowing 2 CPUs, 0 hotplug CPUs
[    0.000000] PM: Registered nosave memory: [mem 0x00000000-0x00000fff]
[    0.000000] PM: Registered nosave memory: [mem 0x0009f000-0x0009ffff]
[    0.000000] PM: Registered nosave memory: [mem 0x000a0000-0x000effff]
[    0.000000] PM: Registered nosave memory: [mem 0x000f0000-0x000fffff]
[    0.000000] e820: [mem 0x40000000-0xfebfffff] available for PCI devices
[    0.000000] Booting paravirtualized kernel on KVM
[    0.000000] clocksource: refined-jiffies: mask: 0xffffffff max_cycles: 0xffffffff, max_idle_ns: 7645519600211568 ns
[    0.000000] setup_percpu: NR_CPUS:512 nr_cpumask_bits:512 nr_cpu_ids:2 nr_node_ids:1
[    0.000000] PERCPU: Embedded 34 pages/cpu @ffff88003fc00000 s99544 r8192 d31528 u1048576
[    0.000000] PV qspinlock hash table entries: 256 (order: 0, 4096 bytes)
[    0.000000] Built 1 zonelists in Node order, mobility grouping on.  Total pages: 257912
[    0.000000] Policy zone: DMA32
[    0.000000] Kernel command line: BOOT_IMAGE=/boot/vmlinuz-4.4.0-122-generic root=LABEL=cloudimg-rootfs ro console=tty1 console=ttyS0
[    0.000000] PID hash table entries: 4096 (order: 3, 32768 bytes)
[    0.000000] Memory: 1001596K/1048120K available (8532K kernel code, 1313K rwdata, 3996K rodata, 1508K init, 1316K bss, 46524K reserved, 0K cma-reserved)
[    0.000000] SLUB: HWalign=64, Order=0-3, MinObjects=0, CPUs=2, Nodes=1
[    0.000000] Kernel/User page tables isolation: enabled
[    0.000000] Hierarchical RCU implementation.
[    0.000000] 	Build-time adjustment of leaf fanout to 64.
[    0.000000] 	RCU restricting CPUs from NR_CPUS=512 to nr_cpu_ids=2.
[    0.000000] RCU: Adjusting geometry for rcu_fanout_leaf=64, nr_cpu_ids=2
[    0.000000] NR_IRQS:33024 nr_irqs:440 16
[    0.000000] Console: colour VGA+ 80x25
[    0.000000] console [tty1] enabled
[    0.000000] console [ttyS0] enabled
[    0.000000] tsc: Detected 2592.000 MHz processor
[   13.252766] Calibrating delay loop (skipped) preset value.. 5184.00 BogoMIPS (lpj=10368000)
[   13.316453] pid_max: default: 32768 minimum: 301
[   13.330160] ACPI: Core revision 20150930
[   13.332376] ACPI: 2 ACPI AML tables successfully acquired and loaded
[   13.372867] Security Framework initialized
[   13.428743] Yama: becoming mindful.
[   13.440578] AppArmor: AppArmor initialized
[   13.441824] Dentry cache hash table entries: 131072 (order: 8, 1048576 bytes)
[   13.566936] Inode-cache hash table entries: 65536 (order: 7, 524288 bytes)
[   13.656907] Mount-cache hash table entries: 2048 (order: 2, 16384 bytes)
[   13.754720] Mountpoint-cache hash table entries: 2048 (order: 2, 16384 bytes)
[   13.850079] Initializing cgroup subsys io
[   13.908724] Initializing cgroup subsys memory
[   13.981982] Initializing cgroup subsys devices
[   14.024021] Initializing cgroup subsys freezer
[   14.034071] Initializing cgroup subsys net_cls
[   14.049066] Initializing cgroup subsys perf_event
[   14.133010] Initializing cgroup subsys net_prio
[   14.134165] Initializing cgroup subsys hugetlb
[   14.135211] Initializing cgroup subsys pids
[   14.136260] CPU: Physical Processor ID: 0
[   14.138588] CPU: Processor Core ID: 0
[   14.139360] FEATURE SPEC_CTRL Not Present
[   14.141275] mce: CPU supports 0 MCE banks
[   14.142225] Last level iTLB entries: 4KB 64, 2MB 8, 4MB 8
[   14.201058] Last level dTLB entries: 4KB 64, 2MB 0, 4MB 0, 1GB 4
[   14.315283] Spectre V2 mitigation: Mitigation: Full generic retpoline
[   14.385101] Spectre V2 mitigation: Speculation control IBPB not-supported IBRS not-supported
[   14.425312] Spectre V2 mitigation: Filling RSB on context switch
[   14.483276] Freeing SMP alternatives memory: 32K
[   14.559777] ftrace: allocating 32202 entries in 126 pages
[   14.685170] smpboot: APIC(0) Converting physical 0 to logical package 0
[   14.810192] smpboot: Max logical packages: 1
[   14.918287] x2apic enabled
[   14.963689] Switched APIC routing to physical x2apic.
[   15.013844] ..TIMER: vector=0x30 apic1=0 pin1=2 apic2=-1 pin2=-1
[   15.184086] smpboot: CPU0: Intel(R) Core(TM) i7-6700HQ CPU @ 2.60GHz (family: 0x6, model: 0x5e, stepping: 0x3)
[   15.337103] Performance Events: unsupported p6 CPU model 94 no PMU driver, software events only.
[   15.445361] KVM setup paravirtual spinlock
[   15.516822] x86: Booting SMP configuration:
[   15.532207] .... node  #0, CPUs:      #1
[   15.589502] kvm-clock: cpu 1, msr 0:3ffe3041, secondary cpu clock
[   15.641198] mce: CPU supports 0 MCE banks
[   15.654308] x86: Booted up 1 node, 2 CPUs
[   15.679345] smpboot: Total of 2 processors activated (10368.00 BogoMIPS)
[   15.680931] devtmpfs: initialized
[   15.712372] evm: security.selinux
[   15.733260] evm: security.SMACK64
[   15.743379] evm: security.SMACK64EXEC
[   15.761647] evm: security.SMACK64TRANSMUTE
[   15.779388] evm: security.SMACK64MMAP
[   15.821723] evm: security.ima
[   15.875989] evm: security.capability
[   15.935712] clocksource: jiffies: mask: 0xffffffff max_cycles: 0xffffffff, max_idle_ns: 7645041785100000 ns
[   16.142377] futex hash table entries: 512 (order: 3, 32768 bytes)
[   16.231513] pinctrl core: initialized pinctrl subsystem
[   16.268524] RTC time:  3:59:26, date: 05/19/18
[   16.297720] NET: Registered protocol family 16
[   16.309553] cpuidle: using governor ladder
[   16.328749] cpuidle: using governor menu
[   16.401144] PCCT header not found.
[   16.415303] ACPI: bus type PCI registered
[   16.494510] acpiphp: ACPI Hot Plug PCI Controller Driver version: 0.5
[   16.603064] PCI: Using configuration type 1 for base access
[   16.706555] ACPI: Added _OSI(Module Device)
[   16.772252] ACPI: Added _OSI(Processor Device)
[   16.802079] ACPI: Added _OSI(3.0 _SCP Extensions)
[   16.878006] ACPI: Added _OSI(Processor Aggregator Device)
[   16.879679] ACPI: Executed 1 blocks of module-level executable AML code
[   16.882917] ACPI: Interpreter enabled
[   16.883647] ACPI: (supports S0 S5)
[   16.892864] ACPI: Using IOAPIC for interrupt routing
[   16.893973] PCI: Using host bridge windows from ACPI; if necessary, use "pci=nocrs" and report a bug
[   17.075968] ACPI: PCI Root Bridge [PCI0] (domain 0000 [bus 00-ff])
[   17.201331] acpi PNP0A03:00: _OSC: OS supports [ASPM ClockPM Segments MSI]
[   17.324721] acpi PNP0A03:00: _OSC: not requesting OS control; OS requires [ExtendedConfig ASPM ClockPM MSI]
[   17.409382] acpi PNP0A03:00: fail to add MMCONFIG information, can't access extended PCI configuration space under this bridge.
[   17.596961] PCI host bridge to bus 0000:00
[   17.688087] pci_bus 0000:00: root bus resource [io  0x0000-0x0cf7 window]
[   17.829690] pci_bus 0000:00: root bus resource [io  0x0d00-0xffff window]
[   17.907868] pci_bus 0000:00: root bus resource [mem 0x000a0000-0x000bffff window]
[   17.987394] pci_bus 0000:00: root bus resource [mem 0x40000000-0xffdfffff window]
[   18.082390] pci_bus 0000:00: root bus resource [bus 00-ff]
[   18.164563] pci 0000:00:01.1: legacy IDE quirk: reg 0x10: [io  0x01f0-0x01f7]
[   18.281488] pci 0000:00:01.1: legacy IDE quirk: reg 0x14: [io  0x03f6]
[   18.383952] pci 0000:00:01.1: legacy IDE quirk: reg 0x18: [io  0x0170-0x0177]
[   18.424245] pci 0000:00:01.1: legacy IDE quirk: reg 0x1c: [io  0x0376]
[   18.510738] pci 0000:00:07.0: quirk: [io  0x4000-0x403f] claimed by PIIX4 ACPI
[   18.602228] pci 0000:00:07.0: quirk: [io  0x4100-0x410f] claimed by PIIX4 SMB
[   18.637487] ACPI: PCI Interrupt Link [LNKA] (IRQs 5 9 10 *11)
[   18.728531] ACPI: PCI Interrupt Link [LNKB] (IRQs 5 9 10 *11)
[   18.765383] ACPI: PCI Interrupt Link [LNKC] (IRQs 5 9 *10 11)
[   18.770632] ACPI: PCI Interrupt Link [LNKD] (IRQs 5 *9 10 11)
[   18.785193] ACPI: Enabled 2 GPEs in block 00 to 07
[   18.834169] vgaarb: setting as boot device: PCI:0000:00:02.0
[   18.844204] vgaarb: device added: PCI:0000:00:02.0,decodes=io+mem,owns=io+mem,locks=none
[   18.880597] vgaarb: loaded
[   18.881375] vgaarb: bridge control possible 0000:00:02.0
[   18.882525] SCSI subsystem initialized
[   18.883502] ACPI: bus type USB registered
[   18.884312] usbcore: registered new interface driver usbfs
[   18.943338] usbcore: registered new interface driver hub
[   18.988984] usbcore: registered new device driver usb
[   19.068724] PCI: Using ACPI for IRQ routing
[   19.120183] NetLabel: Initializing
[   19.168087] NetLabel:  domain hash size = 128
[   19.227909] NetLabel:  protocols = UNLABELED CIPSOv4
[   19.322852] NetLabel:  unlabeled traffic allowed by default
[   19.415695] amd_nb: Cannot enumerate AMD northbridges
[   19.470352] clocksource: Switched to clocksource kvm-clock
[   19.566260] AppArmor: AppArmor Filesystem Enabled
[   19.659968] pnp: PnP ACPI init
[   19.688374] pnp: PnP ACPI: found 3 devices
[   19.734934] clocksource: acpi_pm: mask: 0xffffff max_cycles: 0xffffff, max_idle_ns: 2085701024 ns
[   19.785060] NET: Registered protocol family 2
[   19.903037] TCP established hash table entries: 8192 (order: 4, 65536 bytes)
[   20.022214] TCP bind hash table entries: 8192 (order: 5, 131072 bytes)
[   20.178689] TCP: Hash tables configured (established 8192 bind 8192)
[   20.332927] UDP hash table entries: 512 (order: 2, 16384 bytes)
[   20.493016] UDP-Lite hash table entries: 512 (order: 2, 16384 bytes)
[   20.579020] NET: Registered protocol family 1
[   20.642928] pci 0000:00:00.0: Limiting direct PCI/PCI transfers
[   20.659940] pci 0000:00:01.0: Activating ISA DMA hang workarounds
[   20.661086] Unpacking initramfs...
[   22.764375] Freeing initrd memory: 10928K
[   22.774584] platform rtc_cmos: registered platform RTC device (no PNP device found)
[   22.835989] Scanning for low memory corruption every 60 seconds
[   22.992316] audit: initializing netlink subsys (disabled)
[   23.054885] audit: type=2000 audit(1526702364.043:1): initialized
[   23.074489] Initialise system trusted keyring
[   23.135315] HugeTLB registered 2 MB page size, pre-allocated 0 pages
[   23.215982] zbud: loaded
[   23.246577] VFS: Disk quotas dquot_6.6.0
[   23.257423] VFS: Dquot-cache hash table entries: 512 (order 0, 4096 bytes)
[   23.313386] squashfs: version 4.0 (2009/01/31) Phillip Lougher
[   23.334000] fuse init (API version 7.23)
[   23.348655] Key type big_key registered
[   23.351757] Allocating IMA MOK and blacklist keyrings.
[   23.354557] Key type asymmetric registered
[   23.371429] Asymmetric key parser 'x509' registered
[   23.385648] Block layer SCSI generic (bsg) driver version 0.4 loaded (major 249)
[   23.388025] io scheduler noop registered
[   23.390605] io scheduler deadline registered (default)
[   23.441455] io scheduler cfq registered
[   23.442526] pci_hotplug: PCI Hot Plug PCI Core version: 0.5
[   23.465669] pciehp: PCI Express Hot Plug Controller Driver version: 0.4
[   23.483364] ACPI: AC Adapter [AC] (on-line)
[   23.484314] input: Power Button as /devices/LNXSYSTM:00/LNXPWRBN:00/input/input0
[   23.488613] ACPI: Power Button [PWRF]
[   23.489606] input: Sleep Button as /devices/LNXSYSTM:00/LNXSLPBN:00/input/input1
[   23.498590] ACPI: Sleep Button [SLPF]
[   23.520802] ACPI: Battery Slot [BAT0] (battery present)
[   23.568891] GHES: HEST is not enabled!
[   23.650189] Serial: 8250/16550 driver, 32 ports, IRQ sharing enabled
ÿ[   23.719865] 00:02: ttyS0 at I/O 0x3f8 (irq = 4, base_baud = 115200) is a 16550A
[   23.801517] tsc: Refined TSC clocksource calibration: 2592.221 MHz
[   23.815708] clocksource: tsc: mask: 0xffffffffffffffff max_cycles: 0x255d876349a, max_idle_ns: 440795257278 ns
[   23.842823] Linux agpgart interface v0.103
[   23.863880] loop: module loaded
[   23.874339] scsi host0: ata_piix
[   23.901781] scsi host1: ata_piix
[   23.912329] ata1: PATA max UDMA/33 cmd 0x1f0 ctl 0x3f6 bmdma 0xd000 irq 14
[   23.913754] ata2: PATA max UDMA/33 cmd 0x170 ctl 0x376 bmdma 0xd008 irq 15
[   23.915829] libphy: Fixed MDIO Bus: probed
[   23.932158] tun: Universal TUN/TAP device driver, 1.6
[   23.939772] tun: (C) 1999-2004 Max Krasnyansky <maxk@qualcomm.com>
[   23.994816] PPP generic driver version 2.4.2
[   24.008267] ehci_hcd: USB 2.0 'Enhanced' Host Controller (EHCI) Driver
[   24.012715] ehci-pci: EHCI PCI platform driver
[   24.065567] ehci-platform: EHCI generic platform driver
[   24.071654] ohci_hcd: USB 1.1 'Open' Host Controller (OHCI) Driver
[   24.181971] ohci-pci: OHCI PCI platform driver
[   24.187961] ohci-platform: OHCI generic platform driver
[   24.188926] uhci_hcd: USB Universal Host Controller Interface driver
[   24.221736] i8042: PNP: PS/2 Controller [PNP0303:PS2K,PNP0f03:PS2M] at 0x60,0x64 irq 1,12
[   24.334410] serio: i8042 KBD port at 0x60,0x64 irq 1
[   24.366262] serio: i8042 AUX port at 0x60,0x64 irq 12
[   24.405128] mousedev: PS/2 mouse device common for all mice
[   24.517195] rtc_cmos rtc_cmos: rtc core: registered rtc_cmos as rtc0
[   24.565122] rtc_cmos rtc_cmos: alarms up to one day, 114 bytes nvram
[   24.686736] input: AT Translated Set 2 keyboard as /devices/platform/i8042/serio0/input/input2
[   24.714180] i2c /dev entries driver
[   24.715161] device-mapper: uevent: version 1.0.3
[   24.719606] device-mapper: ioctl: 4.34.0-ioctl (2015-10-28) initialised: dm-devel@redhat.com
[   24.721192] ledtrig-cpu: registered to indicate activity on CPUs
[   24.739280] NET: Registered protocol family 10
[   24.832293] NET: Registered protocol family 17
[   24.913652] Key type dns_resolver registered
[   24.968377] registered taskstats version 1
[   25.045781] Loading compiled-in X.509 certificates
[   25.118281] Loaded X.509 cert 'Build time autogenerated kernel key: eb3f78ccfd14bc84ef58e051a28e8b7731c2f6e2'
[   25.262938] zswap: loaded using pool lzo/zbud
[   25.347730] Key type trusted registered
[   25.403638] Key type encrypted registered
[   25.439049] AppArmor: AppArmor sha1 policy hashing enabled
[   25.505707] ima: No TPM chip found, activating TPM-bypass!
[   25.568971] evm: HMAC attrs: 0x1
[   25.611635]   Magic number: 2:180:968
[   25.656017] rtc_cmos rtc_cmos: setting system clock to 2018-05-19 03:59:35 UTC (1526702375)
[   25.749199] BIOS EDD facility v0.16 2004-Jun-25, 0 devices found
[   25.838711] EDD information not available.
[   25.844695] Freeing unused kernel memory: 1508K
[   25.903394] Write protecting the kernel read-only data: 14336k
[   26.003735] Freeing unused kernel memory: 1696K
[   26.067123] Freeing unused kernel memory: 100K
Loading, please wait...
starting version[   26.176204] random: systemd-udevd: uninitialized urandom read (16 bytes read, 7 bits of entropy available)
 229
[   26.176935] random: udevadm: uninitialized urandom read (16 bytes read, 7 bits of entropy available)
[   26.176965] random: udevadm: uninitialized urandom read (16 bytes read, 7 bits of entropy available)
[   26.191133] random: udevadm: uninitialized urandom read (16 bytes read, 7 bits of entropy available)
[   26.191292] random: udevadm: uninitialized urandom read (16 bytes read, 7 bits of entropy available)
[   26.191565] random: udevadm: uninitialized urandom read (16 bytes read, 7 bits of entropy available)
[   26.191662] random: udevadm: uninitialized urandom read (16 bytes read, 7 bits of entropy available)
[   26.191754] random: udevadm: uninitialized urandom read (16 bytes read, 7 bits of entropy available)
[   26.191891] random: udevadm: uninitialized urandom read (16 bytes read, 7 bits of entropy available)
[   26.191968] random: udevadm: uninitialized urandom read (16 bytes read, 7 bits of entropy available)
[   27.331927] Fusion MPT base driver 3.04.20
[   27.337948] Copyright (c) 1999-2008 LSI Corporation
[   27.349043] e1000: Intel(R) PRO/1000 Network Driver - version 7.3.21-k8-NAPI
[   27.368760] e1000: Copyright (c) 1999-2006 Intel Corporation.
[   27.388288] Fusion MPT SPI Host driver 3.04.20
[   27.426308] AVX version of gcm_enc/dec engaged.
[   27.433641] AES CTR mode by8 optimization enabled
[   27.545795] input: ImExPS/2 Generic Explorer Mouse as /devices/platform/i8042/serio1/input/input4
[   27.811380] e1000 0000:00:03.0 eth0: (PCI:33MHz:32-bit) 02:24:97:69:54:5f
[   27.911294] e1000 0000:00:03.0 eth0: Intel(R) PRO/1000 Network Connection
[   28.336125] e1000 0000:00:08.0 eth1: (PCI:33MHz:32-bit) 08:00:27:08:f3:76
[   28.343480] e1000 0000:00:08.0 eth1: Intel(R) PRO/1000 Network Connection
[   28.369355] e1000 0000:00:03.0 enp0s3: renamed from eth0
[   28.418823] mptbase: ioc0: Initiating bringup
[   28.439141] e1000 0000:00:08.0 enp0s8: renamed from eth1
[   28.491453] ioc0: LSI53C1030 A0: Capabilities={Initiator}
[   28.688490] scsi host2: ioc0: LSI53C1030 A0, FwRev=00000000h, Ports=1, MaxQ=256, IRQ=20
[   28.971199] scsi 2:0:0:0: Direct-Access     VBOX     HARDDISK         1.0  PQ: 0 ANSI: 5
[   29.086510] scsi target2:0:0: Beginning Domain Validation
[   29.213954] scsi target2:0:0: Domain Validation skipping write tests
[   29.250171] scsi target2:0:0: Ending Domain Validation
[   29.293368] scsi target2:0:0: asynchronous
[   29.387561] scsi 2:0:1:0: Direct-Access     VBOX     HARDDISK         1.0  PQ: 0 ANSI: 5
[   29.392090] scsi target2:0:1: Beginning Domain Validation
[   29.395054] scsi target2:0:1: Domain Validation skipping write tests
[   29.456810] scsi target2:0:1: Ending Domain Validation
[   29.458017] scsi target2:0:1: asynchronous
[   29.472010] sd 2:0:0:0: Attached scsi generic sg0 type 0
[   29.472401] sd 2:0:0:0: [sda] 20971520 512-byte logical blocks: (10.7 GB/10.0 GiB)
[   29.472552] sd 2:0:0:0: [sda] Write Protect is off
[   29.472634] sd 2:0:0:0: [sda] Incomplete mode parameter data
[   29.472636] sd 2:0:0:0: [sda] Assuming drive cache: write through
[   29.475603]  sda: sda1
[   29.476549] sd 2:0:0:0: [sda] Attached SCSI disk
[   29.657915] sd 2:0:1:0: [sdb] 20480 512-byte logical blocks: (10.5 MB/10.0 MiB)
[   29.800992] sd 2:0:1:0: Attached scsi generic sg1 type 0
[   29.851275] sd 2:0:1:0: [sdb] Write Protect is off
[   29.981839] sd 2:0:1:0: [sdb] Incomplete mode parameter data
[   30.134496] sd 2:0:1:0: [sdb] Assuming drive cache: write through
[   30.314227] sd 2:0:1:0: [sdb] Attached SCSI disk
Begin: Loading e[   31.740171] md: linear personality registered for level -1
ssential drivers[   31.857231] md: multipath personality registered for level -4
 ... [   31.973702] md: raid0 personality registered for level 0
[   32.007119] md: raid1 personality registered for level 1
[   32.174983] raid6: sse2x1   gen()  7737 MB/s
[   32.282810] raid6: sse2x1   xor()  4968 MB/s
[   32.406472] raid6: sse2x2   gen()  9358 MB/s
[   32.534747] raid6: sse2x2   xor()  5506 MB/s
[   32.678914] raid6: sse2x4   gen() 11049 MB/s
[   32.818441] raid6: sse2x4   xor()  7396 MB/s
[   32.890915] raid6: using algorithm sse2x4 gen() 11049 MB/s
[   32.967004] raid6: .... xor() 7396 MB/s, rmw enabled
[   33.022532] raid6: using ssse3x2 recovery algorithm
[   33.066816] xor: automatically using best checksumming function:
[   33.134515]    avx       : 15720.000 MB/sec
[   33.200259] async_tx: api initialized (async)
[   33.286629] md: raid6 personality registered for level 6
[   33.361127] md: raid5 personality registered for level 5
[   33.423614] md: raid4 personality registered for level 4
[   33.474937] md: raid10 personality registered for level 10
done.
Begin: Running /scripts/init-premount ... done.
Begin: Mounting root file system ... Begin: Running /scripts/local-top ... done.
Begin: Running /scripts/local-premount ... [   33.542903] Btrfs loaded
Scanning for Btrfs filesystems
done.
Warning: fsck no[   33.626622] EXT4-fs (sda1): mounted filesystem with ordered data mode. Opts: (null)
t present, so skipping root file system
done.
Begin: Running /scripts/local-bottom ... done.
Begin: Running /scripts/init-bottom ... done.
[   34.229549] random: nonblocking pool is initialized
[   34.557518] systemd[1]: systemd 229 running in system mode. (+PAM +AUDIT +SELINUX +IMA +APPARMOR +SMACK +SYSVINIT +UTMP +LIBCRYPTSETUP +GCRYPT +GNUTLS +ACL +XZ -LZ4 +SECCOMP +BLKID +ELFUTILS +KMOD -IDN)
[   34.692868] systemd[1]: Detected virtualization oracle.
[   34.750688] systemd[1]: Detected architecture x86-64.

Welcome to [1mUbuntu 16.04.4 LTS[0m!

[   34.861884] systemd[1]: Set hostname to <ubuntu>.
[   34.894992] systemd[1]: Initializing machine ID from random generator.
[   34.901997] systemd[1]: Installed transient /etc/machine-id file.
[   35.529138] systemd[1]: Started Trigger resolvconf update for networkd DNS.
[[0;32m  OK  [0m] Started Trigger resolvconf update for networkd DNS.
[   35.618622] systemd[1]: Listening on udev Kernel Socket.
[[0;32m  OK  [0m] Listening on udev Kernel Socket.
[   35.750920] systemd[1]: Reached target Encrypted Volumes.
[[0;32m  OK  [0m] Reached target Encrypted Volumes.
[   35.835528] systemd[1]: Listening on Journal Audit Socket.
[[0;32m  OK  [0m] Listening on Journal Audit Socket.
[   35.991040] systemd[1]: Started Forward Password Requests to Wall Directory Watch.
[[0;32m  OK  [0m] Started Forward Password Requests to Wall Directory Watch.
[   36.147141] systemd[1]: Listening on Journal Socket (/dev/log).
[[0;32m  OK  [0m] Listening on Journal Socket (/dev/log).
[   36.286578] systemd[1]: Listening on Syslog Socket.
[[0;32m  OK  [0m] Listening on Syslog Socket.
[   36.416734] systemd[1]: Created slice System Slice.
[[0;32m  OK  [0m] Created slice System Slice.
[   36.518768] systemd[1]: Listening on Device-mapper event daemon FIFOs.
[[0;32m  OK  [0m] Listening on Device-mapper event daemon FIFOs.
[   36.559180] systemd[1]: Reached target Swap.
[[0;32m  OK  [0m] Reached target Swap.
[   36.574944] systemd[1]: Listening on LVM2 poll daemon socket.
[[0;32m  OK  [0m] Listening on LVM2 poll daemon socket.
[   36.647099] systemd[1]: Set up automount Arbitrary Executable File Formats File System Automount Point.
[[0;32m  OK  [0m] Set up automount Arbitrary Executab...ats File System Automount Point.
[   36.715024] systemd[1]: Reached target User and Group Name Lookups.
[[0;32m  OK  [0m] Reached target User and Group Name Lookups.
[   36.757525] systemd[1]: Reached target System Time Synchronized.
[[0;32m  OK  [0m] Reached target System Time Synchronized.
[   36.800747] systemd[1]: Listening on udev Control Socket.
[[0;32m  OK  [0m] Listening on udev Control Socket.
[   36.834772] systemd[1]: Listening on LVM2 metadata daemon socket.
[[0;32m  OK  [0m] Listening on LVM2 metadata daemon socket.
[   36.871489] systemd[1]: Created slice User and Session Slice.
[[0;32m  OK  [0m] Created slice User and Session Slice.
[   36.919511] systemd[1]: Reached target Slices.
[[0;32m  OK  [0m] Reached target Slices.
[   36.959164] systemd[1]: Listening on /dev/initctl Compatibility Named Pipe.
[[0;32m  OK  [0m] Listening on /dev/initctl Compatibility Named Pipe.
[   37.074925] systemd[1]: Listening on Journal Socket.
[[0;32m  OK  [0m] Listening on Journal Socket.
[   37.243527] systemd[1]: Starting Journal Service...
         Starting Journal Service...
[   37.363168] systemd[1]: Starting Create list of required static device nodes for the current kernel...
         Starting Create list of required st... nodes for the current kernel...
[   37.462421] systemd[1]: Starting Set console keymap...
         Starting Set console keymap...
[   37.610476] systemd[1]: Mounting Debug File System...
         Mounting Debug File System...
[   37.678661] systemd[1]: Starting Monitoring of LVM2 mirrors, snapshots etc. using dmeventd or progress polling...
         Starting Monitoring of LVM2 mirrors... dmeventd or progress polling...
[   37.818714] systemd[1]: Mounting Huge Pages File System...
         Mounting Huge Pages File System...
[   37.930582] systemd[1]: Mounting POSIX Message Queue File System...
         Mounting POSIX Message Queue File System...
[   38.019199] systemd[1]: Starting Uncomplicated firewall...
         Starting Uncomplicated firewall...
[   38.146795] systemd[1]: Starting Nameserver information manager...
         Starting Nameserver information manager...
[   38.283015] systemd[1]: Starting Remount Root and Kernel File Systems...
[   38.307759] EXT4-fs (sda1): re-mounted. Opts: (null)
         Starting Remount Root and Kernel File Systems...
[   38.478899] systemd[1]: Starting Load Kernel Modules...
[   38.548044] Loading iSCSI transport class v2.0-870.
         Starting Load Kernel Modules...
[   38.710805] iscsi: registered transport (tcp)
[   38.823221] systemd[1]: Created slice system-serial\x2dgetty.slice.
[[0;32m  OK  [0m] Created slice system-serial\[   38.925089] iscsi: registered transport (iser)
x2dgetty.slice.
[   39.007958] systemd[1]: Mounted POSIX Message Queue File System.
[[0;32m  OK  [0m] Mounted POSIX Message Queue File System.
[   39.050815] systemd[1]: Mounted Huge Pages File System.
[[0;32m  OK  [0m] Mounted Huge Pages File System.
[   39.114939] systemd[1]: Mounted Debug File System.
[[0;32m  OK  [0m] Mounted Debug File System.
[   39.155280] systemd[1]: Started Journal Service.
[[0;32m  OK  [0m] Started Journal Service.
[[0;32m  OK  [0m] Started Create list of required sta...ce nodes for the current kernel.
[[0;32m  OK  [0m] Started Set console keymap.
[[0;32m  OK  [0m] Started Uncomplicated firewall.
[[0;32m  OK  [0m] Started Remount Root and Kernel File Systems.
[[0;32m  OK  [0m] Started Load Kernel Modules.
[[0;32m  OK  [0m] Started Nameserver information manager.
[[0;32m  OK  [0m] Started LVM2 metadata daemon.
         Starting Apply Kernel Variables...
         Mounting FUSE Control File System...
         Starting udev Coldplug all Devices...
         Starting Initial cloud-init job (pre-networking)...
         Starting Load/Save Random Seed...
         Starting Create Static Device Nodes in /dev...
         Starting Flush Journal to Persistent Storage...
[[0;32m  OK  [0m] Mounted FUSE Control File System.
[[0;32m  OK  [0m] Started Apply Kernel Variables.
[[0;32m  OK  [0m] Started Load/Save Random Seed.
[[0;32m  OK  [0m] Started Create Static Device Nodes in /dev.
[[0;32m  OK  [0m] Started udev Coldplug all Devices.
         Starting udev Kernel Device Manager...
[[0;32m  OK  [0m] Started Monitoring of LVM2 mirrors,...ng dmeventd or progress polling.
[[0;32m  OK  [0m] Started Flush Journal to Persistent Storage.
[[0;32m  OK  [0m] Started udev Kernel Device Manager.
[[0;32m  OK  [0m] Reached target Local File Systems (Pre).
[[0;32m  OK  [0m] Reached target Local File Systems.
         Starting Set console font and keymap...
         Starting Create Volatile Files and Directories...
         Starting Commit a transient machine-id on disk...
         Starting LSB: AppArmor initialization...
         Starting Tell Plymouth To Write Out Runtime Data...
[[0;32m  OK  [0m] Started Dispatch Password Requests to Console Directory Watch.
[[0;32m  OK  [0m] Started Create Volatile Files and Directories.
[[0;32m  OK  [0m] Started Commit a transient machine-id on disk.
[[0;32m  OK  [0m] Started Tell Plymouth To Write Out Runtime Data.
[[0;32m  OK  [0m] Started Set console font and keymap.
[[0;32m  OK  [0m] Found device /dev/ttyS0.
[[0;32m  OK  [0m] Listening on Load/Save RF Kill Switch Status /dev/rfkill Watch.
[[0;32m  OK  [0m] Created slice system-getty.slice.
         Starting Update UTMP about System Boot/Shutdown...
[[0;32m  OK  [0m] Started Update UTMP about System Boot/Shutdown.
[[0;32m  OK  [0m] Started LSB: AppArmor initialization.
[   26.094312] cloud-init[442]: Cloud-init v. 18.2 running 'init-local' at Sat, 19 May 2018 03:59:54 +0000. Up 25.66 seconds.
[[0;32m  OK  [0m] Started Initial cloud-init job (pre-networking).
[[0;32m  OK  [0m] Reached target Network (Pre).
         Starting Raise network interfaces...
[[0;32m  OK  [0m] Started Raise network interfaces.
         Starting Initial cloud-init job (metadata service crawler)...
[[0;32m  OK  [0m] Reached target Network.
[   30.116849] cloud-init[929]: Cloud-init v. 18.2 running 'init' at Sat, 19 May 2018 03:59:56 +0000. Up 27.50 seconds.
[   30.200719] cloud-init[929]: ci-info: ++++++++++++++++++++++++++++++++++++++Net device info++++++++++++++++++++++++++++++++++++++
[[   30.201019] [0;32m  OK  [0mcloud-init] [929]: Started Initial cloud-init job (metadata service crawler).ci-info: +--------+-------+----------------------------+---------------+-------+-------------------+

[   30.201196] cloud-init[929]: ci-info: | Device |   Up  |          Address           |      Mask     | Scope |     Hw-Address    |
[   30.588926] cloud-init[929]: ci-info: +--------+-------+----------------------------+---------------+-------+-------------------+
[   30.589219] cloud-init[929]: ci-info: | enp0s3 |  True |         10.0.2.15          | 255.255.255.0 |   .   | 02:24:97:69:54:5f |
[[0;32m  OK  [0m] Reached target Network is Online.
[   30.589410] cloud-init[929]: ci-info: | enp0s3 |  True | fe80::24:97ff:fe69:545f/64 |       .       |  link | 02:24:97:69:54:5f |
[   30.988325] cloud-init[929]: ci-info: | enp0s8 | False |             .              |       .       |   .   | 08:00:27:08:f3:76 |
[   30.988685] cloud-init[929]: ci-info: |   lo   |  True |         127.0.0.1          |   255.0.0.0   |   .   |         .         |
         Starting iSCSI initiator daemon (iscsid)...
[[   30.988877] cloud-init[929]: ci-info: |   lo   |  True |          ::1/128           |       .       |  host |         .         |
[   31.273239] cloud-init[929]: ci-info: +--------+-------+----------------------------+---------------+-------+-------------------+
[0;32m  OK  [0m] Reached target Cloud-config availability.
[[   31.273357] cloud-init[929]: ci-info: +++++++++++++++++++++++++++Route IPv4 info++++++++++++++++++++++++++++
[   31.596823] cloud-init[929]: ci-info: +-------+-------------+----------+---------------+-----------+-------+
[0;32m  OK  [0m] Reached target System Initialization.
[[   31.596926] cloud-init[929]: ci-info: | Route | Destination | Gateway  |    Genmask    | Interface | Flags |
[   31.765669] cloud-init[929]: ci-info: +-------+-------------+----------+---------------+-----------+-------+
[0;32m  OK  [0m] Listening on ACPID Listen Socket.
[[   31.765806] cloud-init[929]: ci-info: |   0   |   0.0.0.0   | 10.0.2.2 |    0.0.0.0    |   enp0s3  |   UG  |
[   32.045438] cloud-init[929]: ci-info: |   1   |   10.0.2.0  | 0.0.0.0  | 255.255.255.0 |   enp0s3  |   U   |
[0;32m  OK  [0m] Listening on D-Bus System Message Bus Socket.
[   32.045564] cloud-init[929]: ci-info: +-------+-------------+----------+---------------+-----------+-------+
[[0;32m  OK  [0m] Started Daily Cleanup of Temporary Directories.
[   32.280944] cloud-init[929]: Generating public/private rsa key pair.
[   32.532621] cloud-init[929]: Your identification has been saved in /etc/ssh/ssh_host_rsa_key.
[   32.532962] cloud-init[929]: Your public key has been saved in /etc/ssh/ssh_host_rsa_key.pub.
[[0;32m  OK  [0m] Started ACPI Events Check.
[[   32.533089] cloud-init[929]: The key fingerprint is:
[   32.736898] cloud-init[929]: SHA256:nuXwx8Smr7Xceo474y3ssg0XaJaPBJrJ83KGAj8wc14 root@ubuntu-xenial
[0;32m  OK  [0m] Reached target Paths.
[[   32.736997] cloud-init[929]: The key's randomart image is:
[   32.940881] cloud-init[929]: +---[RSA 2048]----+
[0;32m  OK  [0m] Started Daily apt download activities.
[   32.941036] cloud-init[929]: |                 |
[   33.176917] cloud-init[929]: |                 |
[   33.177331] cloud-init[929]: |        .        |
         Starting LXD - unix socket.
[   33.177545] cloud-init[929]: |     . + . +     |
[   33.316908] cloud-init[929]: |  = . E S B =    |
[   33.317214] cloud-init[929]: |   O . = X B .   |
         Starting Socket activation for snappy daemon.
[[   33.317347] cloud-init[929]: |    = o * *.*    |
[   33.489241] cloud-init[929]: |     o +  .O==.  |
[0;32m  OK  [0m] Listening on UUID daemon activation socket.
[[   33.489404] cloud-init[929]: |          o*@O+  |
[   33.648886] cloud-init[929]: +----[SHA256]-----+
[0;32m  OK  [0m] Started Daily apt upgrade and clean activities.
[[   33.648996] cloud-init[929]: Generating public/private dsa key pair.
[   33.809042] cloud-init[929]: Your identification has been saved in /etc/ssh/ssh_host_dsa_key.
[0;32m  OK  [0m] Reached target Timers.
[   33.809106] cloud-init[929]: Your public key has been saved in /etc/ssh/ssh_host_dsa_key.pub.
[   34.048556] cloud-init[929]: The key fingerprint is:
[   34.048792] cloud-init[929]: SHA256:e3cfaFP3/8dr++V8rvVwxP0hYrmOCCSF62HWp6gyGU4 root@ubuntu-xenial
[[0;32m  OK  [0m] Listening on LXD - unix socket.
[[   34.048931] cloud-init[929]: The key's randomart image is:
[   34.209061] cloud-init[929]: +---[DSA 1024]----+
[   34.209147] cloud-init[929]: |                 |
[   34.209266] cloud-init[929]: |    .            |
[   34.209384] cloud-init[929]: |   . .           |
[   34.209505] cloud-init[929]: |    +       .  ..|
[0;32m  OK  [0m] Listening on Socket activation for snappy daemon.
[[   34.209641] cloud-init[929]: |   * o .S  + . o=|
[   34.425275] cloud-init[929]: |.E+ = o  .. o +.=|
[0;32m  OK  [0m] Started iSCSI initiator daemon (iscsid).
[   34.425370] cloud-init[929]: |oo o o  . ...+oo*|
[   34.576310] cloud-init[929]: |+..   . ..o....OO|
[   34.576556] cloud-init[929]: |.o     . . .  o=^|
         Starting Login to default iSCSI targets...
[   34.576688] cloud-init[929]: +----[SHA256]-----+
[   34.725102] cloud-init[929]: Generating public/private ecdsa key pair.
[[0;32m  OK  [0m] Reached target Sockets.
[[   34.725211] cloud-init[929]: Your identification has been saved in /etc/ssh/ssh_host_ecdsa_key.
[   34.839660] cloud-init[929]: Your public key has been saved in /etc/ssh/ssh_host_ecdsa_key.pub.
[0;32m  OK  [0m] Reached target Basic System.
[   34.839750] cloud-init[929]: The key fingerprint is:
[   35.012677] cloud-init[929]: SHA256:WyW71EnMXl/+A5ZPySkYwIfaxZ1E7cPJPNgqtDIlML8 root@ubuntu-xenial
[   35.013198] cloud-init[929]: The key's randomart image is:
         Starting Virtualbox guest utils...
[   35.013308] cloud-init[929]: +---[ECDSA 256]---+
[   35.220852] cloud-init[929]: |        ..o +oo  |
[   35.221244] cloud-init[929]: |       o o.* o . |
         Starting Accounts Service...
[   35.221483] cloud-init[929]: |        * +.= O o|
         Starting Pollinate to seed the pseudo random number generator...
[   35.298710] cloud-init[929]: |       . + Xo+o%+|
         Starting /etc/rc.local Compatibility...
[   35.411298] cloud-init[929]: |        S O.==.==|
[   35.468497] cloud-init[929]: |         E +..= .|
[   35.504527] cloud-init[929]: |        . + .  o.|
[   35.552431] cloud-init[929]: |                .|
         Starting Apply the settings specified in cloud-config...
[[0;32m  OK  [0m] Started Unattended Upgrades Shutdown.
[   35.567754] cloud-init[929]: |                 |
         Starting LSB: Record successful boot for GRUB...
[   35.669299] cloud-init[929]: +----[SHA256]-----+
[   35.727176] cloud-init[929]: Generating public/private ed25519 key pair.
[[0;32m  OK  [0m] Started FUSE filesystem for LXC.
[   35.731144] cloud-init[929]: Your identification has been saved in /etc/ssh/ssh_host_ed25519_key.
[   35.784451] cloud-init[929]: Your public key has been saved in /etc/ssh/ssh_host_ed25519_key.pub.
[   35.816360] cloud-init[929]: The key fingerprint is:
[   35.848859] cloud-init[929]: SHA256:4dXOozzAZyH9UQemEOGyvyQ1S5kdcCw6SrKwZnOHX8s root@ubuntu-xenial
[   35.868544] cloud-init[929]: The key's randomart image is:
[   35.892558] cloud-init[929]: +--[ED25519 256]--+
[   35.907110] cloud-init[929]: |          =+. +..|
[   35.932349] cloud-init[929]: |         o.=.+ . |
[   35.956598] cloud-init[929]: |        +.=.=    |
[   35.987758] cloud-init[929]: |  . . .oo* O o   |
[   36.024629] cloud-init[929]: |   o = .S.O *    |
[   36.059899] [cloud-init[0;32m  OK  [0m[929]: ] |  = + o .O + .   |Started ACPI event daemon.

[   36.084308] cloud-init[929]: | o o o o..B      |
[[0;32m  OK  [0m] Started Regular background program processing daemon.
[   36.124487] cloud-init[929]: |      . Eo o     |
[[0;32m  OK  [0m] Started Deferred execution scheduler.
[   36.179943] cloud-init[929]: |          .      |
         Starting System Logging Service...
[   36.259213] cloud-init[929]: +----[SHA256]-----+
         Starting LXD - container startup/shutdown...
         Starting LSB: MD monitoring daemon...
         Starting Snappy daemon...
         Starting Login Service...
[[0;32m  OK  [0m] Started D-Bus System Message Bus.
[   38.324268] cloud-init[1046]: Generating locales (this might take a while)...
[[0;32m  OK  [0m] Started System Logging Service.
[[0;32m  OK  [0m] Started /etc/rc.local Compatibility.
[[0;32m  OK  [0m] Started Login Service.
[[0;32m  OK  [0m] Started LSB: Record successful boot for GRUB.
[[0;32m  OK  [0m] Started LSB: MD monitoring daemon.
[[0;32m  OK  [0m] Started Virtualbox guest utils.
[[0;32m  OK  [0m] Started Login to default iSCSI targets.
[[0;32m  OK  [0m] Reached target Remote File Systems (Pre).
[[0;32m  OK  [0m] Reached target Remote File Systems.
         Starting LSB: automatic crash report generation...
         Starting LSB: Set the CPU Frequency Scaling governor to "ondemand"...
         Starting Permit User Sessions...
         Starting LSB: daemon to balance interrupts for SMP systems...
[[0;32m  OK  [0m] Started LSB: Set the CPU Frequency Scaling governor to "ondemand".
         Starting Authenticate and Authorize Users to Run Privileged Tasks...
[[0;32m  OK  [0m] Started Permit User Sessions.
         Starting Terminate Plymouth Boot Screen...
         Starting Hold until boot process finishes up...
[[0;32m  OK  [0m] Started LSB: daemon to balance interrupts for SMP systems.
[[0;32m  OK  [0m] Started Terminate Plymouth Boot Screen.
[[0;32m  OK  [0m] Started Hold until boot process finishes up.
         Starting Set console scheme...
[[0;32m  OK  [0m] Started Getty on tty1.
[[0;32m  OK  [0m] Started Serial Getty on ttyS0.
[[0;32m  OK  [0m] Reached target Login Prompts.
[[0;32m  OK  [0m] Started LSB: automatic crash report generation.
[[0;32m  OK  [0m] Started Authenticate and Authorize Users to Run Privileged Tasks.
[[0;32m  OK  [0m] Started Accounts Service.
[[0;32m  OK  [0m] Started Set console scheme.
[   41.767725] cloud-init[1046]:   en_US.UTF-8... done
[   41.827366] cloud-init[1046]: Generation complete.
[[0;32m  OK  [0m] Started Snappy daemon.
[[0;32m  OK  [0m] Started Pollinate to seed the pseudo random number generator.
         Starting OpenBSD Secure Shell server...
[[0;32m  OK  [0m] Started LXD - container startup/shutdown.
[[0;32m  OK  [0m] Started OpenBSD Secure Shell server.
[[0;32m  OK  [0m] Reached target Multi-User System.
[[0;32m  OK  [0m] Reached target Graphical Interface.
         Starting Update UTMP about System Runlevel Changes...
[[0;32m  OK  [0m] Started Update UTMP about System Runlevel Changes.
[   46.454043] cloud-init[1046]: Cloud-init v. 18.2 running 'modules:config' at Sat, 19 May 2018 04:00:04 +0000. Up 35.79 seconds.

Ubuntu 16.04.4 LTS ubuntu-xenial ttyS0

ubuntu-xenial login: ci-info: no authorized ssh keys fingerprints found for user ubuntu.
<14>May 19 04:00:16 ec2: 
<14>May 19 04:00:16 ec2: #############################################################
<14>May 19 04:00:16 ec2: -----BEGIN SSH HOST KEY FINGERPRINTS-----
<14>May 19 04:00:16 ec2: 1024 SHA256:e3cfaFP3/8dr++V8rvVwxP0hYrmOCCSF62HWp6gyGU4 root@ubuntu-xenial (DSA)
<14>May 19 04:00:16 ec2: 256 SHA256:WyW71EnMXl/+A5ZPySkYwIfaxZ1E7cPJPNgqtDIlML8 root@ubuntu-xenial (ECDSA)
<14>May 19 04:00:16 ec2: 256 SHA256:4dXOozzAZyH9UQemEOGyvyQ1S5kdcCw6SrKwZnOHX8s root@ubuntu-xenial (ED25519)
<14>May 19 04:00:16 ec2: 2048 SHA256:nuXwx8Smr7Xceo474y3ssg0XaJaPBJrJ83KGAj8wc14 root@ubuntu-xenial (RSA)
<14>May 19 04:00:16 ec2: -----END SSH HOST KEY FINGERPRINTS-----
<14>May 19 04:00:16 ec2: #############################################################
-----BEGIN SSH HOST KEY KEYS-----
ecdsa-sha2-nistp256 AAAAE2VjZHNhLXNoYTItbmlzdHAyNTYAAAAIbmlzdHAyNTYAAABBBH6REt2YhKQyqGDSu7uv2pXYo6e+JFQSl0CgYfS8/QA463x/q0IJ4Gl9HJfhv71fxlD0ddMAIg4wB/QbV+AarAQ= root@ubuntu-xenial
ssh-ed25519 AAAAC3NzaC1lZDI1NTE5AAAAIJTBcs3Q96Q22jvzKSvxNBZtzOG+y9fpIoqebfLCOuET root@ubuntu-xenial
ssh-rsa AAAAB3NzaC1yc2EAAAADAQABAAABAQDpFWnEN1FuzAWP/B5Y6Zgl++Y8BCbU/NWwSvD6wU3PK58HAKAYwhgoPZPJrn1f7BuLqgjlyoNn+MdwxAtdNJ67fnJyHrE1jqJmKzAp5KtIJizPbzROpmipdfMbIl4Wyg+dWfSt5tWQqhE5scJ7eovH/6FBPpZTK5CTR57luolryxnZZjZQ8Es4gsWSLXda2lKqT4QARGOms/+yimnIXJ/jv7iWGl2SlZM83F6kuUfLgIXz/eRpVLkG12t7+8CuhUkL0QYR2CI2RcGrwWWWfWgsozQkgcjdP8gOo+L3y6ycAN1PJr25DFSZxXIks0pI8eDcSZhLSa2izr1c1PoChGmN root@ubuntu-xenial
-----END SSH HOST KEY KEYS-----
[   47.595064] cloud-init[1301]: Cloud-init v. 18.2 running 'modules:final' at Sat, 19 May 2018 04:00:15 +0000. Up 46.78 seconds.
[   47.595336] cloud-init[1301]: ci-info: no authorized ssh keys fingerprints found for user ubuntu.
[   47.595471] cloud-init[1301]: Cloud-init v. 18.2 finished at Sat, 19 May 2018 04:00:16 +0000. Datasource DataSourceNoCloud [seed=/dev/sdb][dsmode=net].  Up 47.58 seconds
